13-Jun-2025 11:02:48.121 INFO [main] org.apache.catalina.startup.VersionLoggerListener.log Server version name:   Apache Tomcat/9.0.98
13-Jun-2025 11:02:48.121 INFO [main] org.apache.catalina.startup.VersionLoggerListener.log Server built:          Dec 5 2024 19:50:29 UTC
13-Jun-2025 11:02:48.126 INFO [main] org.apache.catalina.startup.VersionLoggerListener.log Server version number: 9.0.98.0
13-Jun-2025 11:02:48.126 INFO [main] org.apache.catalina.startup.VersionLoggerListener.log OS Name:               Windows 11
13-Jun-2025 11:02:48.126 INFO [main] org.apache.catalina.startup.VersionLoggerListener.log OS Version:            10.0
13-Jun-2025 11:02:48.126 INFO [main] org.apache.catalina.startup.VersionLoggerListener.log Architecture:          amd64
13-Jun-2025 11:02:48.126 INFO [main] org.apache.catalina.startup.VersionLoggerListener.log Java Home:             C:\Program Files\Java\jdk-11.0.15.1
13-Jun-2025 11:02:48.127 INFO [main] org.apache.catalina.startup.VersionLoggerListener.log JVM Version:           11.0.15.1+2-LTS-10
13-Jun-2025 11:02:48.127 INFO [main] org.apache.catalina.startup.VersionLoggerListener.log JVM Vendor:            Oracle Corporation
13-Jun-2025 11:02:48.127 INFO [main] org.apache.catalina.startup.VersionLoggerListener.log CATALINA_BASE:         C:\Users\Dell\Desktop\Servers\apache-tomcat-9.0.98-windows-x64\apache-tomcat-9.0.98
13-Jun-2025 11:02:48.129 INFO [main] org.apache.catalina.startup.VersionLoggerListener.log CATALINA_HOME:         C:\Users\Dell\Desktop\Servers\apache-tomcat-9.0.98-windows-x64\apache-tomcat-9.0.98
13-Jun-2025 11:02:48.159 INFO [main] org.apache.catalina.startup.VersionLoggerListener.log Command line argument: --add-opens=java.base/java.lang=ALL-UNNAMED
13-Jun-2025 11:02:48.159 INFO [main] org.apache.catalina.startup.VersionLoggerListener.log Command line argument: --add-opens=java.base/java.io=ALL-UNNAMED
13-Jun-2025 11:02:48.159 INFO [main] org.apache.catalina.startup.VersionLoggerListener.log Command line argument: --add-opens=java.base/java.util=ALL-UNNAMED
13-Jun-2025 11:02:48.159 INFO [main] org.apache.catalina.startup.VersionLoggerListener.log Command line argument: --add-opens=java.base/java.util.concurrent=ALL-UNNAMED
13-Jun-2025 11:02:48.159 INFO [main] org.apache.catalina.startup.VersionLoggerListener.log Command line argument: --add-opens=java.rmi/sun.rmi.transport=ALL-UNNAMED
13-Jun-2025 11:02:48.159 INFO [main] org.apache.catalina.startup.VersionLoggerListener.log Command line argument: -Djava.util.logging.config.file=C:\Users\Dell\Desktop\Servers\apache-tomcat-9.0.98-windows-x64\apache-tomcat-9.0.98\conf\logging.properties
13-Jun-2025 11:02:48.161 INFO [main] org.apache.catalina.startup.VersionLoggerListener.log Command line argument: -Djava.util.logging.manager=org.apache.juli.ClassLoaderLogManager
13-Jun-2025 11:02:48.161 INFO [main] org.apache.catalina.startup.VersionLoggerListener.log Command line argument: -Djdk.tls.ephemeralDHKeySize=2048
13-Jun-2025 11:02:48.161 INFO [main] org.apache.catalina.startup.VersionLoggerListener.log Command line argument: -Djava.protocol.handler.pkgs=org.apache.catalina.webresources
13-Jun-2025 11:02:48.161 INFO [main] org.apache.catalina.startup.VersionLoggerListener.log Command line argument: -Dignore.endorsed.dirs=
13-Jun-2025 11:02:48.161 INFO [main] org.apache.catalina.startup.VersionLoggerListener.log Command line argument: -Dcatalina.base=C:\Users\Dell\Desktop\Servers\apache-tomcat-9.0.98-windows-x64\apache-tomcat-9.0.98
13-Jun-2025 11:02:48.161 INFO [main] org.apache.catalina.startup.VersionLoggerListener.log Command line argument: -Dcatalina.home=C:\Users\Dell\Desktop\Servers\apache-tomcat-9.0.98-windows-x64\apache-tomcat-9.0.98
13-Jun-2025 11:02:48.161 INFO [main] org.apache.catalina.startup.VersionLoggerListener.log Command line argument: -Djava.io.tmpdir=C:\Users\Dell\Desktop\Servers\apache-tomcat-9.0.98-windows-x64\apache-tomcat-9.0.98\temp
13-Jun-2025 11:02:48.171 INFO [main] org.apache.catalina.core.AprLifecycleListener.lifecycleEvent Loaded Apache Tomcat Native library [1.3.1] using APR version [1.7.4].
13-Jun-2025 11:02:48.173 INFO [main] org.apache.catalina.core.AprLifecycleListener.lifecycleEvent APR capabilities: IPv6 [true], sendfile [true], accept filters [false], random [true], UDS [true].
13-Jun-2025 11:02:48.173 INFO [main] org.apache.catalina.core.AprLifecycleListener.lifecycleEvent APR/OpenSSL configuration: useAprConnector [false], useOpenSSL [true]
13-Jun-2025 11:02:48.191 INFO [main] org.apache.catalina.core.AprLifecycleListener.initializeSSL OpenSSL successfully initialized [OpenSSL 3.0.14 4 Jun 2024]
13-Jun-2025 11:02:48.521 INFO [main] org.apache.coyote.AbstractProtocol.init Initializing ProtocolHandler ["http-nio-8080"]
13-Jun-2025 11:02:48.559 INFO [main] org.apache.catalina.startup.Catalina.load Server initialization in [687] milliseconds
13-Jun-2025 11:02:48.625 INFO [main] org.apache.catalina.core.StandardService.startInternal Starting service [Catalina]
13-Jun-2025 11:02:48.625 INFO [main] org.apache.catalina.core.StandardEngine.startInternal Starting Servlet engine: [Apache Tomcat/9.0.98]
13-Jun-2025 11:02:48.636 INFO [main] org.apache.catalina.startup.HostConfig.deployDirectory Deploying web application directory [C:\Users\Dell\Desktop\Servers\apache-tomcat-9.0.98-windows-x64\apache-tomcat-9.0.98\webapps\docs]
13-Jun-2025 11:02:49.040 INFO [main] org.apache.catalina.startup.HostConfig.deployDirectory Deployment of web application directory [C:\Users\Dell\Desktop\Servers\apache-tomcat-9.0.98-windows-x64\apache-tomcat-9.0.98\webapps\docs] has finished in [404] ms
13-Jun-2025 11:02:49.040 INFO [main] org.apache.catalina.startup.HostConfig.deployDirectory Deploying web application directory [C:\Users\Dell\Desktop\Servers\apache-tomcat-9.0.98-windows-x64\apache-tomcat-9.0.98\webapps\examples]
13-Jun-2025 11:02:49.391 INFO [main] org.apache.catalina.startup.HostConfig.deployDirectory Deployment of web application directory [C:\Users\Dell\Desktop\Servers\apache-tomcat-9.0.98-windows-x64\apache-tomcat-9.0.98\webapps\examples] has finished in [351] ms
13-Jun-2025 11:02:49.391 INFO [main] org.apache.catalina.startup.HostConfig.deployDirectory Deploying web application directory [C:\Users\Dell\Desktop\Servers\apache-tomcat-9.0.98-windows-x64\apache-tomcat-9.0.98\webapps\host-manager]
13-Jun-2025 11:02:49.435 INFO [main] org.apache.catalina.startup.HostConfig.deployDirectory Deployment of web application directory [C:\Users\Dell\Desktop\Servers\apache-tomcat-9.0.98-windows-x64\apache-tomcat-9.0.98\webapps\host-manager] has finished in [44] ms
13-Jun-2025 11:02:49.435 INFO [main] org.apache.catalina.startup.HostConfig.deployDirectory Deploying web application directory [C:\Users\Dell\Desktop\Servers\apache-tomcat-9.0.98-windows-x64\apache-tomcat-9.0.98\webapps\manager]
13-Jun-2025 11:02:49.462 INFO [main] org.apache.catalina.startup.HostConfig.deployDirectory Deployment of web application directory [C:\Users\Dell\Desktop\Servers\apache-tomcat-9.0.98-windows-x64\apache-tomcat-9.0.98\webapps\manager] has finished in [27] ms
13-Jun-2025 11:02:49.462 INFO [main] org.apache.catalina.startup.HostConfig.deployDirectory Deploying web application directory [C:\Users\Dell\Desktop\Servers\apache-tomcat-9.0.98-windows-x64\apache-tomcat-9.0.98\webapps\ROOT]
13-Jun-2025 11:02:49.501 INFO [main] org.apache.catalina.startup.HostConfig.deployDirectory Deployment of web application directory [C:\Users\Dell\Desktop\Servers\apache-tomcat-9.0.98-windows-x64\apache-tomcat-9.0.98\webapps\ROOT] has finished in [39] ms
13-Jun-2025 11:02:49.501 INFO [main] org.apache.coyote.AbstractProtocol.start Starting ProtocolHandler ["http-nio-8080"]
13-Jun-2025 11:02:49.628 INFO [main] org.apache.catalina.startup.Catalina.start Server startup in [1072] milliseconds
13-Jun-2025 11:03:48.050 SEVERE [main] org.apache.catalina.startup.Catalina.stopServer Could not contact [localhost:8005] (base port [8005] and offset [0]). Tomcat may not be running.
13-Jun-2025 11:05:29.525 INFO [main] org.apache.catalina.startup.VersionLoggerListener.log Server version name:   Apache Tomcat/9.0.98
13-Jun-2025 11:05:29.528 INFO [main] org.apache.catalina.startup.VersionLoggerListener.log Server built:          Dec 5 2024 19:50:29 UTC
13-Jun-2025 11:05:29.528 INFO [main] org.apache.catalina.startup.VersionLoggerListener.log Server version number: 9.0.98.0
13-Jun-2025 11:05:29.528 INFO [main] org.apache.catalina.startup.VersionLoggerListener.log OS Name:               Windows 11
13-Jun-2025 11:05:29.528 INFO [main] org.apache.catalina.startup.VersionLoggerListener.log OS Version:            10.0
13-Jun-2025 11:05:29.528 INFO [main] org.apache.catalina.startup.VersionLoggerListener.log Architecture:          amd64
13-Jun-2025 11:05:29.528 INFO [main] org.apache.catalina.startup.VersionLoggerListener.log Java Home:             C:\Program Files\Java\jdk-11.0.15.1
13-Jun-2025 11:05:29.528 INFO [main] org.apache.catalina.startup.VersionLoggerListener.log JVM Version:           11.0.15.1+2-LTS-10
13-Jun-2025 11:05:29.528 INFO [main] org.apache.catalina.startup.VersionLoggerListener.log JVM Vendor:            Oracle Corporation
13-Jun-2025 11:05:29.528 INFO [main] org.apache.catalina.startup.VersionLoggerListener.log CATALINA_BASE:         C:\Users\Dell\Desktop\Servers\apache-tomcat-9.0.98-windows-x64\apache-tomcat-9.0.98
13-Jun-2025 11:05:29.528 INFO [main] org.apache.catalina.startup.VersionLoggerListener.log CATALINA_HOME:         C:\Users\Dell\Desktop\Servers\apache-tomcat-9.0.98-windows-x64\apache-tomcat-9.0.98
13-Jun-2025 11:05:29.548 INFO [main] org.apache.catalina.startup.VersionLoggerListener.log Command line argument: --add-opens=java.base/java.lang=ALL-UNNAMED
13-Jun-2025 11:05:29.548 INFO [main] org.apache.catalina.startup.VersionLoggerListener.log Command line argument: --add-opens=java.base/java.io=ALL-UNNAMED
13-Jun-2025 11:05:29.548 INFO [main] org.apache.catalina.startup.VersionLoggerListener.log Command line argument: --add-opens=java.base/java.util=ALL-UNNAMED
13-Jun-2025 11:05:29.548 INFO [main] org.apache.catalina.startup.VersionLoggerListener.log Command line argument: --add-opens=java.base/java.util.concurrent=ALL-UNNAMED
13-Jun-2025 11:05:29.548 INFO [main] org.apache.catalina.startup.VersionLoggerListener.log Command line argument: --add-opens=java.rmi/sun.rmi.transport=ALL-UNNAMED
13-Jun-2025 11:05:29.548 INFO [main] org.apache.catalina.startup.VersionLoggerListener.log Command line argument: -Djava.util.logging.config.file=C:\Users\Dell\Desktop\Servers\apache-tomcat-9.0.98-windows-x64\apache-tomcat-9.0.98\conf\logging.properties
13-Jun-2025 11:05:29.548 INFO [main] org.apache.catalina.startup.VersionLoggerListener.log Command line argument: -Djava.util.logging.manager=org.apache.juli.ClassLoaderLogManager
13-Jun-2025 11:05:29.548 INFO [main] org.apache.catalina.startup.VersionLoggerListener.log Command line argument: -Djdk.tls.ephemeralDHKeySize=2048
13-Jun-2025 11:05:29.548 INFO [main] org.apache.catalina.startup.VersionLoggerListener.log Command line argument: -Djava.protocol.handler.pkgs=org.apache.catalina.webresources
13-Jun-2025 11:05:29.548 INFO [main] org.apache.catalina.startup.VersionLoggerListener.log Command line argument: -Dignore.endorsed.dirs=
13-Jun-2025 11:05:29.548 INFO [main] org.apache.catalina.startup.VersionLoggerListener.log Command line argument: -Dcatalina.base=C:\Users\Dell\Desktop\Servers\apache-tomcat-9.0.98-windows-x64\apache-tomcat-9.0.98
13-Jun-2025 11:05:29.548 INFO [main] org.apache.catalina.startup.VersionLoggerListener.log Command line argument: -Dcatalina.home=C:\Users\Dell\Desktop\Servers\apache-tomcat-9.0.98-windows-x64\apache-tomcat-9.0.98
13-Jun-2025 11:05:29.548 INFO [main] org.apache.catalina.startup.VersionLoggerListener.log Command line argument: -Djava.io.tmpdir=C:\Users\Dell\Desktop\Servers\apache-tomcat-9.0.98-windows-x64\apache-tomcat-9.0.98\temp
13-Jun-2025 11:05:29.557 INFO [main] org.apache.catalina.core.AprLifecycleListener.lifecycleEvent Loaded Apache Tomcat Native library [1.3.1] using APR version [1.7.4].
13-Jun-2025 11:05:29.557 INFO [main] org.apache.catalina.core.AprLifecycleListener.lifecycleEvent APR capabilities: IPv6 [true], sendfile [true], accept filters [false], random [true], UDS [true].
13-Jun-2025 11:05:29.557 INFO [main] org.apache.catalina.core.AprLifecycleListener.lifecycleEvent APR/OpenSSL configuration: useAprConnector [false], useOpenSSL [true]
13-Jun-2025 11:05:29.560 INFO [main] org.apache.catalina.core.AprLifecycleListener.initializeSSL OpenSSL successfully initialized [OpenSSL 3.0.14 4 Jun 2024]
13-Jun-2025 11:05:29.841 INFO [main] org.apache.coyote.AbstractProtocol.init Initializing ProtocolHandler ["http-nio-8080"]
13-Jun-2025 11:05:29.876 INFO [main] org.apache.catalina.startup.Catalina.load Server initialization in [506] milliseconds
13-Jun-2025 11:05:29.952 INFO [main] org.apache.catalina.core.StandardService.startInternal Starting service [Catalina]
13-Jun-2025 11:05:29.952 INFO [main] org.apache.catalina.core.StandardEngine.startInternal Starting Servlet engine: [Apache Tomcat/9.0.98]
13-Jun-2025 11:05:29.966 INFO [main] org.apache.catalina.startup.HostConfig.deployDirectory Deploying web application directory [C:\Users\Dell\Desktop\Servers\apache-tomcat-9.0.98-windows-x64\apache-tomcat-9.0.98\webapps\docs]
13-Jun-2025 11:05:30.335 WARNING [main] org.apache.catalina.util.SessionIdGeneratorBase.createSecureRandom Creation of SecureRandom instance for session ID generation using [SHA1PRNG] took [128] milliseconds.
13-Jun-2025 11:05:30.366 INFO [main] org.apache.catalina.startup.HostConfig.deployDirectory Deployment of web application directory [C:\Users\Dell\Desktop\Servers\apache-tomcat-9.0.98-windows-x64\apache-tomcat-9.0.98\webapps\docs] has finished in [400] ms
13-Jun-2025 11:05:30.366 INFO [main] org.apache.catalina.startup.HostConfig.deployDirectory Deploying web application directory [C:\Users\Dell\Desktop\Servers\apache-tomcat-9.0.98-windows-x64\apache-tomcat-9.0.98\webapps\examples]
13-Jun-2025 11:05:30.685 INFO [main] org.apache.catalina.startup.HostConfig.deployDirectory Deployment of web application directory [C:\Users\Dell\Desktop\Servers\apache-tomcat-9.0.98-windows-x64\apache-tomcat-9.0.98\webapps\examples] has finished in [317] ms
13-Jun-2025 11:05:30.685 INFO [main] org.apache.catalina.startup.HostConfig.deployDirectory Deploying web application directory [C:\Users\Dell\Desktop\Servers\apache-tomcat-9.0.98-windows-x64\apache-tomcat-9.0.98\webapps\host-manager]
13-Jun-2025 11:05:30.703 INFO [main] org.apache.catalina.startup.HostConfig.deployDirectory Deployment of web application directory [C:\Users\Dell\Desktop\Servers\apache-tomcat-9.0.98-windows-x64\apache-tomcat-9.0.98\webapps\host-manager] has finished in [18] ms
13-Jun-2025 11:05:30.703 INFO [main] org.apache.catalina.startup.HostConfig.deployDirectory Deploying web application directory [C:\Users\Dell\Desktop\Servers\apache-tomcat-9.0.98-windows-x64\apache-tomcat-9.0.98\webapps\manager]
13-Jun-2025 11:05:30.749 INFO [main] org.apache.catalina.startup.HostConfig.deployDirectory Deployment of web application directory [C:\Users\Dell\Desktop\Servers\apache-tomcat-9.0.98-windows-x64\apache-tomcat-9.0.98\webapps\manager] has finished in [46] ms
13-Jun-2025 11:05:30.749 INFO [main] org.apache.catalina.startup.HostConfig.deployDirectory Deploying web application directory [C:\Users\Dell\Desktop\Servers\apache-tomcat-9.0.98-windows-x64\apache-tomcat-9.0.98\webapps\ROOT]
13-Jun-2025 11:05:30.786 INFO [main] org.apache.catalina.startup.HostConfig.deployDirectory Deployment of web application directory [C:\Users\Dell\Desktop\Servers\apache-tomcat-9.0.98-windows-x64\apache-tomcat-9.0.98\webapps\ROOT] has finished in [37] ms
13-Jun-2025 11:05:30.796 INFO [main] org.apache.coyote.AbstractProtocol.start Starting ProtocolHandler ["http-nio-8080"]
13-Jun-2025 11:05:30.908 INFO [main] org.apache.catalina.startup.Catalina.start Server startup in [1024] milliseconds
13-Jun-2025 11:08:34.458 INFO [Thread-1] org.apache.coyote.AbstractProtocol.pause Pausing ProtocolHandler ["http-nio-8080"]
13-Jun-2025 11:08:35.002 INFO [Thread-1] org.apache.catalina.core.StandardService.stopInternal Stopping service [Catalina]
13-Jun-2025 11:08:35.111 INFO [Thread-1] org.apache.coyote.AbstractProtocol.stop Stopping ProtocolHandler ["http-nio-8080"]
13-Jun-2025 11:08:35.121 INFO [Thread-1] org.apache.coyote.AbstractProtocol.destroy Destroying ProtocolHandler ["http-nio-8080"]
13-Jun-2025 14:35:36.913 INFO [main] org.apache.catalina.startup.VersionLoggerListener.log Server version name:   Apache Tomcat/9.0.98
13-Jun-2025 14:35:36.920 INFO [main] org.apache.catalina.startup.VersionLoggerListener.log Server built:          Dec 5 2024 19:50:29 UTC
13-Jun-2025 14:35:36.924 INFO [main] org.apache.catalina.startup.VersionLoggerListener.log Server version number: 9.0.98.0
13-Jun-2025 14:35:36.924 INFO [main] org.apache.catalina.startup.VersionLoggerListener.log OS Name:               Windows 11
13-Jun-2025 14:35:36.925 INFO [main] org.apache.catalina.startup.VersionLoggerListener.log OS Version:            10.0
13-Jun-2025 14:35:36.925 INFO [main] org.apache.catalina.startup.VersionLoggerListener.log Architecture:          amd64
13-Jun-2025 14:35:36.925 INFO [main] org.apache.catalina.startup.VersionLoggerListener.log Java Home:             C:\Program Files\Java\jdk-11.0.15.1
13-Jun-2025 14:35:36.925 INFO [main] org.apache.catalina.startup.VersionLoggerListener.log JVM Version:           11.0.15.1+2-LTS-10
13-Jun-2025 14:35:36.925 INFO [main] org.apache.catalina.startup.VersionLoggerListener.log JVM Vendor:            Oracle Corporation
13-Jun-2025 14:35:36.925 INFO [main] org.apache.catalina.startup.VersionLoggerListener.log CATALINA_BASE:         C:\Users\Dell\Desktop\Servers\apache-tomcat-9.0.98-windows-x64\apache-tomcat-9.0.98
13-Jun-2025 14:35:36.925 INFO [main] org.apache.catalina.startup.VersionLoggerListener.log CATALINA_HOME:         C:\Users\Dell\Desktop\Servers\apache-tomcat-9.0.98-windows-x64\apache-tomcat-9.0.98
13-Jun-2025 14:35:36.951 INFO [main] org.apache.catalina.startup.VersionLoggerListener.log Command line argument: --add-opens=java.base/java.lang=ALL-UNNAMED
13-Jun-2025 14:35:36.951 INFO [main] org.apache.catalina.startup.VersionLoggerListener.log Command line argument: --add-opens=java.base/java.io=ALL-UNNAMED
13-Jun-2025 14:35:36.951 INFO [main] org.apache.catalina.startup.VersionLoggerListener.log Command line argument: --add-opens=java.base/java.util=ALL-UNNAMED
13-Jun-2025 14:35:36.951 INFO [main] org.apache.catalina.startup.VersionLoggerListener.log Command line argument: --add-opens=java.base/java.util.concurrent=ALL-UNNAMED
13-Jun-2025 14:35:36.951 INFO [main] org.apache.catalina.startup.VersionLoggerListener.log Command line argument: --add-opens=java.rmi/sun.rmi.transport=ALL-UNNAMED
13-Jun-2025 14:35:36.951 INFO [main] org.apache.catalina.startup.VersionLoggerListener.log Command line argument: -Djava.util.logging.config.file=C:\Users\Dell\Desktop\Servers\apache-tomcat-9.0.98-windows-x64\apache-tomcat-9.0.98\conf\logging.properties
13-Jun-2025 14:35:36.951 INFO [main] org.apache.catalina.startup.VersionLoggerListener.log Command line argument: -Djava.util.logging.manager=org.apache.juli.ClassLoaderLogManager
13-Jun-2025 14:35:36.951 INFO [main] org.apache.catalina.startup.VersionLoggerListener.log Command line argument: -Djdk.tls.ephemeralDHKeySize=2048
13-Jun-2025 14:35:36.951 INFO [main] org.apache.catalina.startup.VersionLoggerListener.log Command line argument: -Djava.protocol.handler.pkgs=org.apache.catalina.webresources
13-Jun-2025 14:35:36.951 INFO [main] org.apache.catalina.startup.VersionLoggerListener.log Command line argument: -Dignore.endorsed.dirs=
13-Jun-2025 14:35:36.951 INFO [main] org.apache.catalina.startup.VersionLoggerListener.log Command line argument: -Dcatalina.base=C:\Users\Dell\Desktop\Servers\apache-tomcat-9.0.98-windows-x64\apache-tomcat-9.0.98
13-Jun-2025 14:35:36.951 INFO [main] org.apache.catalina.startup.VersionLoggerListener.log Command line argument: -Dcatalina.home=C:\Users\Dell\Desktop\Servers\apache-tomcat-9.0.98-windows-x64\apache-tomcat-9.0.98
13-Jun-2025 14:35:36.951 INFO [main] org.apache.catalina.startup.VersionLoggerListener.log Command line argument: -Djava.io.tmpdir=C:\Users\Dell\Desktop\Servers\apache-tomcat-9.0.98-windows-x64\apache-tomcat-9.0.98\temp
13-Jun-2025 14:35:36.957 INFO [main] org.apache.catalina.core.AprLifecycleListener.lifecycleEvent Loaded Apache Tomcat Native library [1.3.1] using APR version [1.7.4].
13-Jun-2025 14:35:36.957 INFO [main] org.apache.catalina.core.AprLifecycleListener.lifecycleEvent APR capabilities: IPv6 [true], sendfile [true], accept filters [false], random [true], UDS [true].
13-Jun-2025 14:35:36.957 INFO [main] org.apache.catalina.core.AprLifecycleListener.lifecycleEvent APR/OpenSSL configuration: useAprConnector [false], useOpenSSL [true]
13-Jun-2025 14:35:36.975 INFO [main] org.apache.catalina.core.AprLifecycleListener.initializeSSL OpenSSL successfully initialized [OpenSSL 3.0.14 4 Jun 2024]
13-Jun-2025 14:35:37.331 INFO [main] org.apache.coyote.AbstractProtocol.init Initializing ProtocolHandler ["http-nio-8080"]
13-Jun-2025 14:35:37.367 INFO [main] org.apache.catalina.startup.Catalina.load Server initialization in [717] milliseconds
13-Jun-2025 14:35:37.431 INFO [main] org.apache.catalina.core.StandardService.startInternal Starting service [Catalina]
13-Jun-2025 14:35:37.431 INFO [main] org.apache.catalina.core.StandardEngine.startInternal Starting Servlet engine: [Apache Tomcat/9.0.98]
13-Jun-2025 14:35:37.436 INFO [main] org.apache.catalina.startup.HostConfig.deployDirectory Deploying web application directory [C:\Users\Dell\Desktop\Servers\apache-tomcat-9.0.98-windows-x64\apache-tomcat-9.0.98\webapps\docs]
13-Jun-2025 14:35:37.858 WARNING [main] org.apache.catalina.util.SessionIdGeneratorBase.createSecureRandom Creation of SecureRandom instance for session ID generation using [SHA1PRNG] took [158] milliseconds.
13-Jun-2025 14:35:37.915 INFO [main] org.apache.catalina.startup.HostConfig.deployDirectory Deployment of web application directory [C:\Users\Dell\Desktop\Servers\apache-tomcat-9.0.98-windows-x64\apache-tomcat-9.0.98\webapps\docs] has finished in [479] ms
13-Jun-2025 14:35:37.920 INFO [main] org.apache.catalina.startup.HostConfig.deployDirectory Deploying web application directory [C:\Users\Dell\Desktop\Servers\apache-tomcat-9.0.98-windows-x64\apache-tomcat-9.0.98\webapps\examples]
13-Jun-2025 14:35:38.338 INFO [main] org.apache.catalina.startup.HostConfig.deployDirectory Deployment of web application directory [C:\Users\Dell\Desktop\Servers\apache-tomcat-9.0.98-windows-x64\apache-tomcat-9.0.98\webapps\examples] has finished in [418] ms
13-Jun-2025 14:35:38.340 INFO [main] org.apache.catalina.startup.HostConfig.deployDirectory Deploying web application directory [C:\Users\Dell\Desktop\Servers\apache-tomcat-9.0.98-windows-x64\apache-tomcat-9.0.98\webapps\host-manager]
13-Jun-2025 14:35:38.395 INFO [main] org.apache.catalina.startup.HostConfig.deployDirectory Deployment of web application directory [C:\Users\Dell\Desktop\Servers\apache-tomcat-9.0.98-windows-x64\apache-tomcat-9.0.98\webapps\host-manager] has finished in [51] ms
13-Jun-2025 14:35:38.395 INFO [main] org.apache.catalina.startup.HostConfig.deployDirectory Deploying web application directory [C:\Users\Dell\Desktop\Servers\apache-tomcat-9.0.98-windows-x64\apache-tomcat-9.0.98\webapps\manager]
13-Jun-2025 14:35:38.430 INFO [main] org.apache.catalina.startup.HostConfig.deployDirectory Deployment of web application directory [C:\Users\Dell\Desktop\Servers\apache-tomcat-9.0.98-windows-x64\apache-tomcat-9.0.98\webapps\manager] has finished in [35] ms
13-Jun-2025 14:35:38.430 INFO [main] org.apache.catalina.startup.HostConfig.deployDirectory Deploying web application directory [C:\Users\Dell\Desktop\Servers\apache-tomcat-9.0.98-windows-x64\apache-tomcat-9.0.98\webapps\ROOT]
13-Jun-2025 14:35:38.463 INFO [main] org.apache.catalina.startup.HostConfig.deployDirectory Deployment of web application directory [C:\Users\Dell\Desktop\Servers\apache-tomcat-9.0.98-windows-x64\apache-tomcat-9.0.98\webapps\ROOT] has finished in [33] ms
13-Jun-2025 14:35:38.471 INFO [main] org.apache.coyote.AbstractProtocol.start Starting ProtocolHandler ["http-nio-8080"]
13-Jun-2025 14:35:38.603 INFO [main] org.apache.catalina.startup.Catalina.start Server startup in [1233] milliseconds
13-Jun-2025 14:45:42.365 INFO [Thread-1] org.apache.coyote.AbstractProtocol.pause Pausing ProtocolHandler ["http-nio-8080"]
13-Jun-2025 14:45:42.746 INFO [Thread-1] org.apache.catalina.core.StandardService.stopInternal Stopping service [Catalina]
13-Jun-2025 14:45:42.891 INFO [Thread-1] org.apache.coyote.AbstractProtocol.stop Stopping ProtocolHandler ["http-nio-8080"]
13-Jun-2025 14:45:42.906 INFO [Thread-1] org.apache.coyote.AbstractProtocol.destroy Destroying ProtocolHandler ["http-nio-8080"]
