07-Jun-2025 14:13:40.561 INFO [main] org.apache.catalina.startup.VersionLoggerListener.log Server version name:   Apache Tomcat/9.0.98
07-Jun-2025 14:13:40.561 INFO [main] org.apache.catalina.startup.VersionLoggerListener.log Server built:          Dec 5 2024 19:50:29 UTC
07-Jun-2025 14:13:40.561 INFO [main] org.apache.catalina.startup.VersionLoggerListener.log Server version number: 9.0.98.0
07-Jun-2025 14:13:40.561 INFO [main] org.apache.catalina.startup.VersionLoggerListener.log OS Name:               Windows 11
07-Jun-2025 14:13:40.561 INFO [main] org.apache.catalina.startup.VersionLoggerListener.log OS Version:            10.0
07-Jun-2025 14:13:40.561 INFO [main] org.apache.catalina.startup.VersionLoggerListener.log Architecture:          amd64
07-Jun-2025 14:13:40.561 INFO [main] org.apache.catalina.startup.VersionLoggerListener.log Java Home:             C:\Program Files\Java\jdk-11.0.15.1
07-Jun-2025 14:13:40.561 INFO [main] org.apache.catalina.startup.VersionLoggerListener.log JVM Version:           11.0.15.1+2-LTS-10
07-Jun-2025 14:13:40.561 INFO [main] org.apache.catalina.startup.VersionLoggerListener.log JVM Vendor:            Oracle Corporation
07-Jun-2025 14:13:40.568 INFO [main] org.apache.catalina.startup.VersionLoggerListener.log CATALINA_BASE:         C:\Users\Dell\Desktop\Servers\apache-tomcat-9.0.98-windows-x64\apache-tomcat-9.0.98
07-Jun-2025 14:13:40.568 INFO [main] org.apache.catalina.startup.VersionLoggerListener.log CATALINA_HOME:         C:\Users\Dell\Desktop\Servers\apache-tomcat-9.0.98-windows-x64\apache-tomcat-9.0.98
07-Jun-2025 14:13:40.592 INFO [main] org.apache.catalina.startup.VersionLoggerListener.log Command line argument: --add-opens=java.base/java.lang=ALL-UNNAMED
07-Jun-2025 14:13:40.592 INFO [main] org.apache.catalina.startup.VersionLoggerListener.log Command line argument: --add-opens=java.base/java.io=ALL-UNNAMED
07-Jun-2025 14:13:40.592 INFO [main] org.apache.catalina.startup.VersionLoggerListener.log Command line argument: --add-opens=java.base/java.util=ALL-UNNAMED
07-Jun-2025 14:13:40.592 INFO [main] org.apache.catalina.startup.VersionLoggerListener.log Command line argument: --add-opens=java.base/java.util.concurrent=ALL-UNNAMED
07-Jun-2025 14:13:40.592 INFO [main] org.apache.catalina.startup.VersionLoggerListener.log Command line argument: --add-opens=java.rmi/sun.rmi.transport=ALL-UNNAMED
07-Jun-2025 14:13:40.592 INFO [main] org.apache.catalina.startup.VersionLoggerListener.log Command line argument: -Djava.util.logging.config.file=C:\Users\Dell\Desktop\Servers\apache-tomcat-9.0.98-windows-x64\apache-tomcat-9.0.98\conf\logging.properties
07-Jun-2025 14:13:40.592 INFO [main] org.apache.catalina.startup.VersionLoggerListener.log Command line argument: -Djava.util.logging.manager=org.apache.juli.ClassLoaderLogManager
07-Jun-2025 14:13:40.592 INFO [main] org.apache.catalina.startup.VersionLoggerListener.log Command line argument: -Djdk.tls.ephemeralDHKeySize=2048
07-Jun-2025 14:13:40.592 INFO [main] org.apache.catalina.startup.VersionLoggerListener.log Command line argument: -Djava.protocol.handler.pkgs=org.apache.catalina.webresources
07-Jun-2025 14:13:40.592 INFO [main] org.apache.catalina.startup.VersionLoggerListener.log Command line argument: -Dignore.endorsed.dirs=
07-Jun-2025 14:13:40.592 INFO [main] org.apache.catalina.startup.VersionLoggerListener.log Command line argument: -Dcatalina.base=C:\Users\Dell\Desktop\Servers\apache-tomcat-9.0.98-windows-x64\apache-tomcat-9.0.98
07-Jun-2025 14:13:40.592 INFO [main] org.apache.catalina.startup.VersionLoggerListener.log Command line argument: -Dcatalina.home=C:\Users\Dell\Desktop\Servers\apache-tomcat-9.0.98-windows-x64\apache-tomcat-9.0.98
07-Jun-2025 14:13:40.592 INFO [main] org.apache.catalina.startup.VersionLoggerListener.log Command line argument: -Djava.io.tmpdir=C:\Users\Dell\Desktop\Servers\apache-tomcat-9.0.98-windows-x64\apache-tomcat-9.0.98\temp
07-Jun-2025 14:13:40.609 INFO [main] org.apache.catalina.core.AprLifecycleListener.lifecycleEvent Loaded Apache Tomcat Native library [1.3.1] using APR version [1.7.4].
07-Jun-2025 14:13:40.609 INFO [main] org.apache.catalina.core.AprLifecycleListener.lifecycleEvent APR capabilities: IPv6 [true], sendfile [true], accept filters [false], random [true], UDS [true].
07-Jun-2025 14:13:40.609 INFO [main] org.apache.catalina.core.AprLifecycleListener.lifecycleEvent APR/OpenSSL configuration: useAprConnector [false], useOpenSSL [true]
07-Jun-2025 14:13:40.643 INFO [main] org.apache.catalina.core.AprLifecycleListener.initializeSSL OpenSSL successfully initialized [OpenSSL 3.0.14 4 Jun 2024]
07-Jun-2025 14:13:40.990 INFO [main] org.apache.coyote.AbstractProtocol.init Initializing ProtocolHandler ["http-nio-8080"]
07-Jun-2025 14:13:41.035 INFO [main] org.apache.catalina.startup.Catalina.load Server initialization in [751] milliseconds
07-Jun-2025 14:13:41.107 INFO [main] org.apache.catalina.core.StandardService.startInternal Starting service [Catalina]
07-Jun-2025 14:13:41.107 INFO [main] org.apache.catalina.core.StandardEngine.startInternal Starting Servlet engine: [Apache Tomcat/9.0.98]
07-Jun-2025 14:13:41.127 INFO [main] org.apache.catalina.startup.HostConfig.deployDirectory Deploying web application directory [C:\Users\Dell\Desktop\Servers\apache-tomcat-9.0.98-windows-x64\apache-tomcat-9.0.98\webapps\docs]
07-Jun-2025 14:13:41.532 WARNING [main] org.apache.catalina.util.SessionIdGeneratorBase.createSecureRandom Creation of SecureRandom instance for session ID generation using [SHA1PRNG] took [110] milliseconds.
07-Jun-2025 14:13:41.556 INFO [main] org.apache.catalina.startup.HostConfig.deployDirectory Deployment of web application directory [C:\Users\Dell\Desktop\Servers\apache-tomcat-9.0.98-windows-x64\apache-tomcat-9.0.98\webapps\docs] has finished in [429] ms
07-Jun-2025 14:13:41.556 INFO [main] org.apache.catalina.startup.HostConfig.deployDirectory Deploying web application directory [C:\Users\Dell\Desktop\Servers\apache-tomcat-9.0.98-windows-x64\apache-tomcat-9.0.98\webapps\examples]
07-Jun-2025 14:13:41.942 INFO [main] org.apache.catalina.startup.HostConfig.deployDirectory Deployment of web application directory [C:\Users\Dell\Desktop\Servers\apache-tomcat-9.0.98-windows-x64\apache-tomcat-9.0.98\webapps\examples] has finished in [386] ms
07-Jun-2025 14:13:41.942 INFO [main] org.apache.catalina.startup.HostConfig.deployDirectory Deploying web application directory [C:\Users\Dell\Desktop\Servers\apache-tomcat-9.0.98-windows-x64\apache-tomcat-9.0.98\webapps\host-manager]
07-Jun-2025 14:13:41.983 INFO [main] org.apache.catalina.startup.HostConfig.deployDirectory Deployment of web application directory [C:\Users\Dell\Desktop\Servers\apache-tomcat-9.0.98-windows-x64\apache-tomcat-9.0.98\webapps\host-manager] has finished in [41] ms
07-Jun-2025 14:13:41.983 INFO [main] org.apache.catalina.startup.HostConfig.deployDirectory Deploying web application directory [C:\Users\Dell\Desktop\Servers\apache-tomcat-9.0.98-windows-x64\apache-tomcat-9.0.98\webapps\manager]
07-Jun-2025 14:13:42.030 INFO [main] org.apache.catalina.startup.HostConfig.deployDirectory Deployment of web application directory [C:\Users\Dell\Desktop\Servers\apache-tomcat-9.0.98-windows-x64\apache-tomcat-9.0.98\webapps\manager] has finished in [47] ms
07-Jun-2025 14:13:42.030 INFO [main] org.apache.catalina.startup.HostConfig.deployDirectory Deploying web application directory [C:\Users\Dell\Desktop\Servers\apache-tomcat-9.0.98-windows-x64\apache-tomcat-9.0.98\webapps\ROOT]
07-Jun-2025 14:13:42.062 INFO [main] org.apache.catalina.startup.HostConfig.deployDirectory Deployment of web application directory [C:\Users\Dell\Desktop\Servers\apache-tomcat-9.0.98-windows-x64\apache-tomcat-9.0.98\webapps\ROOT] has finished in [32] ms
07-Jun-2025 14:13:42.062 INFO [main] org.apache.coyote.AbstractProtocol.start Starting ProtocolHandler ["http-nio-8080"]
07-Jun-2025 14:13:42.237 INFO [main] org.apache.catalina.startup.Catalina.start Server startup in [1206] milliseconds
07-Jun-2025 14:14:21.341 INFO [Thread-1] org.apache.coyote.AbstractProtocol.pause Pausing ProtocolHandler ["http-nio-8080"]
07-Jun-2025 14:14:21.677 INFO [Thread-1] org.apache.catalina.core.StandardService.stopInternal Stopping service [Catalina]
07-Jun-2025 14:14:21.730 INFO [Thread-1] org.apache.coyote.AbstractProtocol.stop Stopping ProtocolHandler ["http-nio-8080"]
07-Jun-2025 14:14:21.740 INFO [Thread-1] org.apache.coyote.AbstractProtocol.destroy Destroying ProtocolHandler ["http-nio-8080"]
