21-Jun-2025 00:15:35.187 INFO [main] org.apache.catalina.startup.VersionLoggerListener.log Server version name:   Apache Tomcat/9.0.98
21-Jun-2025 00:15:35.187 INFO [main] org.apache.catalina.startup.VersionLoggerListener.log Server built:          Dec 5 2024 19:50:29 UTC
21-Jun-2025 00:15:35.187 INFO [main] org.apache.catalina.startup.VersionLoggerListener.log Server version number: 9.0.98.0
21-Jun-2025 00:15:35.187 INFO [main] org.apache.catalina.startup.VersionLoggerListener.log OS Name:               Windows 11
21-Jun-2025 00:15:35.187 INFO [main] org.apache.catalina.startup.VersionLoggerListener.log OS Version:            10.0
21-Jun-2025 00:15:35.187 INFO [main] org.apache.catalina.startup.VersionLoggerListener.log Architecture:          amd64
21-Jun-2025 00:15:35.187 INFO [main] org.apache.catalina.startup.VersionLoggerListener.log Java Home:             C:\Program Files\Java\jdk-11.0.15.1
21-Jun-2025 00:15:35.187 INFO [main] org.apache.catalina.startup.VersionLoggerListener.log JVM Version:           11.0.15.1+2-LTS-10
21-Jun-2025 00:15:35.187 INFO [main] org.apache.catalina.startup.VersionLoggerListener.log JVM Vendor:            Oracle Corporation
21-Jun-2025 00:15:35.187 INFO [main] org.apache.catalina.startup.VersionLoggerListener.log CATALINA_BASE:         C:\Users\SANCHITA\OneDrive\Pictures\Desktop\server\Servers\apache-tomcat-9.0.98-windows-x64\apache-tomcat-9.0.98
21-Jun-2025 00:15:35.187 INFO [main] org.apache.catalina.startup.VersionLoggerListener.log CATALINA_HOME:         C:\Users\SANCHITA\OneDrive\Pictures\Desktop\server\Servers\apache-tomcat-9.0.98-windows-x64\apache-tomcat-9.0.98
21-Jun-2025 00:15:35.202 INFO [main] org.apache.catalina.startup.VersionLoggerListener.log Command line argument: --add-opens=java.base/java.lang=ALL-UNNAMED
21-Jun-2025 00:15:35.202 INFO [main] org.apache.catalina.startup.VersionLoggerListener.log Command line argument: --add-opens=java.base/java.io=ALL-UNNAMED
21-Jun-2025 00:15:35.202 INFO [main] org.apache.catalina.startup.VersionLoggerListener.log Command line argument: --add-opens=java.base/java.util=ALL-UNNAMED
21-Jun-2025 00:15:35.202 INFO [main] org.apache.catalina.startup.VersionLoggerListener.log Command line argument: --add-opens=java.base/java.util.concurrent=ALL-UNNAMED
21-Jun-2025 00:15:35.202 INFO [main] org.apache.catalina.startup.VersionLoggerListener.log Command line argument: --add-opens=java.rmi/sun.rmi.transport=ALL-UNNAMED
21-Jun-2025 00:15:35.202 INFO [main] org.apache.catalina.startup.VersionLoggerListener.log Command line argument: -Djava.util.logging.config.file=C:\Users\SANCHITA\OneDrive\Pictures\Desktop\server\Servers\apache-tomcat-9.0.98-windows-x64\apache-tomcat-9.0.98\conf\logging.properties
21-Jun-2025 00:15:35.202 INFO [main] org.apache.catalina.startup.VersionLoggerListener.log Command line argument: -Djava.util.logging.manager=org.apache.juli.ClassLoaderLogManager
21-Jun-2025 00:15:35.202 INFO [main] org.apache.catalina.startup.VersionLoggerListener.log Command line argument: -Djdk.tls.ephemeralDHKeySize=2048
21-Jun-2025 00:15:35.202 INFO [main] org.apache.catalina.startup.VersionLoggerListener.log Command line argument: -Djava.protocol.handler.pkgs=org.apache.catalina.webresources
21-Jun-2025 00:15:35.202 INFO [main] org.apache.catalina.startup.VersionLoggerListener.log Command line argument: -Dignore.endorsed.dirs=
21-Jun-2025 00:15:35.202 INFO [main] org.apache.catalina.startup.VersionLoggerListener.log Command line argument: -Dcatalina.base=C:\Users\SANCHITA\OneDrive\Pictures\Desktop\server\Servers\apache-tomcat-9.0.98-windows-x64\apache-tomcat-9.0.98
21-Jun-2025 00:15:35.202 INFO [main] org.apache.catalina.startup.VersionLoggerListener.log Command line argument: -Dcatalina.home=C:\Users\SANCHITA\OneDrive\Pictures\Desktop\server\Servers\apache-tomcat-9.0.98-windows-x64\apache-tomcat-9.0.98
21-Jun-2025 00:15:35.202 INFO [main] org.apache.catalina.startup.VersionLoggerListener.log Command line argument: -Djava.io.tmpdir=C:\Users\SANCHITA\OneDrive\Pictures\Desktop\server\Servers\apache-tomcat-9.0.98-windows-x64\apache-tomcat-9.0.98\temp
21-Jun-2025 00:15:35.202 INFO [main] org.apache.catalina.core.AprLifecycleListener.lifecycleEvent Loaded Apache Tomcat Native library [1.3.1] using APR version [1.7.4].
21-Jun-2025 00:15:35.202 INFO [main] org.apache.catalina.core.AprLifecycleListener.lifecycleEvent APR capabilities: IPv6 [true], sendfile [true], accept filters [false], random [true], UDS [true].
21-Jun-2025 00:15:35.202 INFO [main] org.apache.catalina.core.AprLifecycleListener.lifecycleEvent APR/OpenSSL configuration: useAprConnector [false], useOpenSSL [true]
21-Jun-2025 00:15:35.202 INFO [main] org.apache.catalina.core.AprLifecycleListener.initializeSSL OpenSSL successfully initialized [OpenSSL 3.0.14 4 Jun 2024]
21-Jun-2025 00:15:35.437 INFO [main] org.apache.coyote.AbstractProtocol.init Initializing ProtocolHandler ["http-nio-8080"]
21-Jun-2025 00:15:35.452 INFO [main] org.apache.catalina.startup.Catalina.load Server initialization in [408] milliseconds
21-Jun-2025 00:15:35.484 INFO [main] org.apache.catalina.core.StandardService.startInternal Starting service [Catalina]
21-Jun-2025 00:15:35.484 INFO [main] org.apache.catalina.core.StandardEngine.startInternal Starting Servlet engine: [Apache Tomcat/9.0.98]
21-Jun-2025 00:15:35.499 INFO [main] org.apache.catalina.startup.HostConfig.deployDirectory Deploying web application directory [C:\Users\SANCHITA\OneDrive\Pictures\Desktop\server\Servers\apache-tomcat-9.0.98-windows-x64\apache-tomcat-9.0.98\webapps\docs]
21-Jun-2025 00:15:35.845 WARNING [main] org.apache.catalina.util.SessionIdGeneratorBase.createSecureRandom Creation of SecureRandom instance for session ID generation using [SHA1PRNG] took [127] milliseconds.
21-Jun-2025 00:15:35.845 INFO [main] org.apache.catalina.startup.HostConfig.deployDirectory Deployment of web application directory [C:\Users\SANCHITA\OneDrive\Pictures\Desktop\server\Servers\apache-tomcat-9.0.98-windows-x64\apache-tomcat-9.0.98\webapps\docs] has finished in [346] ms
21-Jun-2025 00:15:35.860 INFO [main] org.apache.catalina.startup.HostConfig.deployDirectory Deploying web application directory [C:\Users\SANCHITA\OneDrive\Pictures\Desktop\server\Servers\apache-tomcat-9.0.98-windows-x64\apache-tomcat-9.0.98\webapps\examples]
21-Jun-2025 00:15:36.173 INFO [main] org.apache.catalina.startup.HostConfig.deployDirectory Deployment of web application directory [C:\Users\SANCHITA\OneDrive\Pictures\Desktop\server\Servers\apache-tomcat-9.0.98-windows-x64\apache-tomcat-9.0.98\webapps\examples] has finished in [313] ms
21-Jun-2025 00:15:36.173 INFO [main] org.apache.catalina.startup.HostConfig.deployDirectory Deploying web application directory [C:\Users\SANCHITA\OneDrive\Pictures\Desktop\server\Servers\apache-tomcat-9.0.98-windows-x64\apache-tomcat-9.0.98\webapps\host-manager]
21-Jun-2025 00:15:36.204 INFO [main] org.apache.catalina.startup.HostConfig.deployDirectory Deployment of web application directory [C:\Users\SANCHITA\OneDrive\Pictures\Desktop\server\Servers\apache-tomcat-9.0.98-windows-x64\apache-tomcat-9.0.98\webapps\host-manager] has finished in [31] ms
21-Jun-2025 00:15:36.204 INFO [main] org.apache.catalina.startup.HostConfig.deployDirectory Deploying web application directory [C:\Users\SANCHITA\OneDrive\Pictures\Desktop\server\Servers\apache-tomcat-9.0.98-windows-x64\apache-tomcat-9.0.98\webapps\manager]
21-Jun-2025 00:15:36.235 INFO [main] org.apache.catalina.startup.HostConfig.deployDirectory Deployment of web application directory [C:\Users\SANCHITA\OneDrive\Pictures\Desktop\server\Servers\apache-tomcat-9.0.98-windows-x64\apache-tomcat-9.0.98\webapps\manager] has finished in [31] ms
21-Jun-2025 00:15:36.235 INFO [main] org.apache.catalina.startup.HostConfig.deployDirectory Deploying web application directory [C:\Users\SANCHITA\OneDrive\Pictures\Desktop\server\Servers\apache-tomcat-9.0.98-windows-x64\apache-tomcat-9.0.98\webapps\ROOT]
21-Jun-2025 00:15:36.251 INFO [main] org.apache.catalina.startup.HostConfig.deployDirectory Deployment of web application directory [C:\Users\SANCHITA\OneDrive\Pictures\Desktop\server\Servers\apache-tomcat-9.0.98-windows-x64\apache-tomcat-9.0.98\webapps\ROOT] has finished in [16] ms
21-Jun-2025 00:15:36.267 INFO [main] org.apache.coyote.AbstractProtocol.start Starting ProtocolHandler ["http-nio-8080"]
21-Jun-2025 00:15:36.387 INFO [main] org.apache.catalina.startup.Catalina.start Server startup in [934] milliseconds
21-Jun-2025 00:23:32.749 INFO [main] org.apache.catalina.startup.VersionLoggerListener.log Server version name:   Apache Tomcat/9.0.98
21-Jun-2025 00:23:32.749 INFO [main] org.apache.catalina.startup.VersionLoggerListener.log Server built:          Dec 5 2024 19:50:29 UTC
21-Jun-2025 00:23:32.764 INFO [main] org.apache.catalina.startup.VersionLoggerListener.log Server version number: 9.0.98.0
21-Jun-2025 00:23:32.764 INFO [main] org.apache.catalina.startup.VersionLoggerListener.log OS Name:               Windows 11
21-Jun-2025 00:23:32.764 INFO [main] org.apache.catalina.startup.VersionLoggerListener.log OS Version:            10.0
21-Jun-2025 00:23:32.764 INFO [main] org.apache.catalina.startup.VersionLoggerListener.log Architecture:          amd64
21-Jun-2025 00:23:32.764 INFO [main] org.apache.catalina.startup.VersionLoggerListener.log Java Home:             C:\Program Files\Java\jdk-11.0.15.1
21-Jun-2025 00:23:32.764 INFO [main] org.apache.catalina.startup.VersionLoggerListener.log JVM Version:           11.0.15.1+2-LTS-10
21-Jun-2025 00:23:32.764 INFO [main] org.apache.catalina.startup.VersionLoggerListener.log JVM Vendor:            Oracle Corporation
21-Jun-2025 00:23:32.764 INFO [main] org.apache.catalina.startup.VersionLoggerListener.log CATALINA_BASE:         C:\Users\SANCHITA\OneDrive\Pictures\Desktop\server\Servers\apache-tomcat-9.0.98-windows-x64\apache-tomcat-9.0.98
21-Jun-2025 00:23:32.764 INFO [main] org.apache.catalina.startup.VersionLoggerListener.log CATALINA_HOME:         C:\Users\SANCHITA\OneDrive\Pictures\Desktop\server\Servers\apache-tomcat-9.0.98-windows-x64\apache-tomcat-9.0.98
21-Jun-2025 00:23:32.764 INFO [main] org.apache.catalina.startup.VersionLoggerListener.log Command line argument: --add-opens=java.base/java.lang=ALL-UNNAMED
21-Jun-2025 00:23:32.764 INFO [main] org.apache.catalina.startup.VersionLoggerListener.log Command line argument: --add-opens=java.base/java.io=ALL-UNNAMED
21-Jun-2025 00:23:32.764 INFO [main] org.apache.catalina.startup.VersionLoggerListener.log Command line argument: --add-opens=java.base/java.util=ALL-UNNAMED
21-Jun-2025 00:23:32.764 INFO [main] org.apache.catalina.startup.VersionLoggerListener.log Command line argument: --add-opens=java.base/java.util.concurrent=ALL-UNNAMED
21-Jun-2025 00:23:32.764 INFO [main] org.apache.catalina.startup.VersionLoggerListener.log Command line argument: --add-opens=java.rmi/sun.rmi.transport=ALL-UNNAMED
21-Jun-2025 00:23:32.764 INFO [main] org.apache.catalina.startup.VersionLoggerListener.log Command line argument: -Djava.util.logging.config.file=C:\Users\SANCHITA\OneDrive\Pictures\Desktop\server\Servers\apache-tomcat-9.0.98-windows-x64\apache-tomcat-9.0.98\conf\logging.properties
21-Jun-2025 00:23:32.764 INFO [main] org.apache.catalina.startup.VersionLoggerListener.log Command line argument: -Djava.util.logging.manager=org.apache.juli.ClassLoaderLogManager
21-Jun-2025 00:23:32.764 INFO [main] org.apache.catalina.startup.VersionLoggerListener.log Command line argument: -Djdk.tls.ephemeralDHKeySize=2048
21-Jun-2025 00:23:32.764 INFO [main] org.apache.catalina.startup.VersionLoggerListener.log Command line argument: -Djava.protocol.handler.pkgs=org.apache.catalina.webresources
21-Jun-2025 00:23:32.764 INFO [main] org.apache.catalina.startup.VersionLoggerListener.log Command line argument: -Dignore.endorsed.dirs=
21-Jun-2025 00:23:32.764 INFO [main] org.apache.catalina.startup.VersionLoggerListener.log Command line argument: -Dcatalina.base=C:\Users\SANCHITA\OneDrive\Pictures\Desktop\server\Servers\apache-tomcat-9.0.98-windows-x64\apache-tomcat-9.0.98
21-Jun-2025 00:23:32.764 INFO [main] org.apache.catalina.startup.VersionLoggerListener.log Command line argument: -Dcatalina.home=C:\Users\SANCHITA\OneDrive\Pictures\Desktop\server\Servers\apache-tomcat-9.0.98-windows-x64\apache-tomcat-9.0.98
21-Jun-2025 00:23:32.764 INFO [main] org.apache.catalina.startup.VersionLoggerListener.log Command line argument: -Djava.io.tmpdir=C:\Users\SANCHITA\OneDrive\Pictures\Desktop\server\Servers\apache-tomcat-9.0.98-windows-x64\apache-tomcat-9.0.98\temp
21-Jun-2025 00:23:32.780 INFO [main] org.apache.catalina.core.AprLifecycleListener.lifecycleEvent Loaded Apache Tomcat Native library [1.3.1] using APR version [1.7.4].
21-Jun-2025 00:23:32.780 INFO [main] org.apache.catalina.core.AprLifecycleListener.lifecycleEvent APR capabilities: IPv6 [true], sendfile [true], accept filters [false], random [true], UDS [true].
21-Jun-2025 00:23:32.780 INFO [main] org.apache.catalina.core.AprLifecycleListener.lifecycleEvent APR/OpenSSL configuration: useAprConnector [false], useOpenSSL [true]
21-Jun-2025 00:23:32.780 INFO [main] org.apache.catalina.core.AprLifecycleListener.initializeSSL OpenSSL successfully initialized [OpenSSL 3.0.14 4 Jun 2024]
21-Jun-2025 00:23:33.014 INFO [main] org.apache.coyote.AbstractProtocol.init Initializing ProtocolHandler ["http-nio-8080"]
21-Jun-2025 00:23:33.030 SEVERE [main] org.apache.catalina.util.LifecycleBase.handleSubClassException Failed to initialize component [Connector["http-nio-8080"]]
	org.apache.catalina.LifecycleException: Protocol handler initialization failed
		at org.apache.catalina.connector.Connector.initInternal(Connector.java:1027)
		at org.apache.catalina.util.LifecycleBase.init(LifecycleBase.java:122)
		at org.apache.catalina.core.StandardService.initInternal(StandardService.java:525)
		at org.apache.catalina.util.LifecycleBase.init(LifecycleBase.java:122)
		at org.apache.catalina.core.StandardServer.initInternal(StandardServer.java:986)
		at org.apache.catalina.util.LifecycleBase.init(LifecycleBase.java:122)
		at org.apache.catalina.startup.Catalina.load(Catalina.java:690)
		at org.apache.catalina.startup.Catalina.load(Catalina.java:713)
		at java.base/jdk.internal.reflect.NativeMethodAccessorImpl.invoke0(Native Method)
		at java.base/jdk.internal.reflect.NativeMethodAccessorImpl.invoke(NativeMethodAccessorImpl.java:62)
		at java.base/jdk.internal.reflect.DelegatingMethodAccessorImpl.invoke(DelegatingMethodAccessorImpl.java:43)
		at java.base/java.lang.reflect.Method.invoke(Method.java:566)
		at org.apache.catalina.startup.Bootstrap.load(Bootstrap.java:302)
		at org.apache.catalina.startup.Bootstrap.main(Bootstrap.java:472)
	Caused by: java.net.BindException: Address already in use: bind
		at java.base/sun.nio.ch.Net.bind0(Native Method)
		at java.base/sun.nio.ch.Net.bind(Net.java:459)
		at java.base/sun.nio.ch.Net.bind(Net.java:448)
		at java.base/sun.nio.ch.ServerSocketChannelImpl.bind(ServerSocketChannelImpl.java:227)
		at org.apache.tomcat.util.net.NioEndpoint.initServerSocket(NioEndpoint.java:268)
		at org.apache.tomcat.util.net.NioEndpoint.bind(NioEndpoint.java:223)
		at org.apache.tomcat.util.net.AbstractEndpoint.bindWithCleanup(AbstractEndpoint.java:1373)
		at org.apache.tomcat.util.net.AbstractEndpoint.init(AbstractEndpoint.java:1386)
		at org.apache.coyote.AbstractProtocol.init(AbstractProtocol.java:663)
		at org.apache.coyote.http11.AbstractHttp11Protocol.init(AbstractHttp11Protocol.java:80)
		at org.apache.catalina.connector.Connector.initInternal(Connector.java:1025)
		... 13 more
21-Jun-2025 00:23:33.030 INFO [main] org.apache.catalina.startup.Catalina.load Server initialization in [408] milliseconds
21-Jun-2025 00:23:33.077 INFO [main] org.apache.catalina.core.StandardService.startInternal Starting service [Catalina]
21-Jun-2025 00:23:33.077 INFO [main] org.apache.catalina.core.StandardEngine.startInternal Starting Servlet engine: [Apache Tomcat/9.0.98]
21-Jun-2025 00:23:33.077 INFO [main] org.apache.catalina.startup.HostConfig.deployDirectory Deploying web application directory [C:\Users\SANCHITA\OneDrive\Pictures\Desktop\server\Servers\apache-tomcat-9.0.98-windows-x64\apache-tomcat-9.0.98\webapps\docs]
21-Jun-2025 00:23:33.407 WARNING [main] org.apache.catalina.util.SessionIdGeneratorBase.createSecureRandom Creation of SecureRandom instance for session ID generation using [SHA1PRNG] took [127] milliseconds.
21-Jun-2025 00:23:33.422 INFO [main] org.apache.catalina.startup.HostConfig.deployDirectory Deployment of web application directory [C:\Users\SANCHITA\OneDrive\Pictures\Desktop\server\Servers\apache-tomcat-9.0.98-windows-x64\apache-tomcat-9.0.98\webapps\docs] has finished in [345] ms
21-Jun-2025 00:23:33.422 INFO [main] org.apache.catalina.startup.HostConfig.deployDirectory Deploying web application directory [C:\Users\SANCHITA\OneDrive\Pictures\Desktop\server\Servers\apache-tomcat-9.0.98-windows-x64\apache-tomcat-9.0.98\webapps\examples]
21-Jun-2025 00:23:33.720 INFO [main] org.apache.catalina.startup.HostConfig.deployDirectory Deployment of web application directory [C:\Users\SANCHITA\OneDrive\Pictures\Desktop\server\Servers\apache-tomcat-9.0.98-windows-x64\apache-tomcat-9.0.98\webapps\examples] has finished in [298] ms
21-Jun-2025 00:23:33.720 INFO [main] org.apache.catalina.startup.HostConfig.deployDirectory Deploying web application directory [C:\Users\SANCHITA\OneDrive\Pictures\Desktop\server\Servers\apache-tomcat-9.0.98-windows-x64\apache-tomcat-9.0.98\webapps\host-manager]
21-Jun-2025 00:23:33.751 INFO [main] org.apache.catalina.startup.HostConfig.deployDirectory Deployment of web application directory [C:\Users\SANCHITA\OneDrive\Pictures\Desktop\server\Servers\apache-tomcat-9.0.98-windows-x64\apache-tomcat-9.0.98\webapps\host-manager] has finished in [31] ms
21-Jun-2025 00:23:33.751 INFO [main] org.apache.catalina.startup.HostConfig.deployDirectory Deploying web application directory [C:\Users\SANCHITA\OneDrive\Pictures\Desktop\server\Servers\apache-tomcat-9.0.98-windows-x64\apache-tomcat-9.0.98\webapps\manager]
21-Jun-2025 00:23:33.782 INFO [main] org.apache.catalina.startup.HostConfig.deployDirectory Deployment of web application directory [C:\Users\SANCHITA\OneDrive\Pictures\Desktop\server\Servers\apache-tomcat-9.0.98-windows-x64\apache-tomcat-9.0.98\webapps\manager] has finished in [31] ms
21-Jun-2025 00:23:33.782 INFO [main] org.apache.catalina.startup.HostConfig.deployDirectory Deploying web application directory [C:\Users\SANCHITA\OneDrive\Pictures\Desktop\server\Servers\apache-tomcat-9.0.98-windows-x64\apache-tomcat-9.0.98\webapps\ROOT]
21-Jun-2025 00:23:33.813 INFO [main] org.apache.catalina.startup.HostConfig.deployDirectory Deployment of web application directory [C:\Users\SANCHITA\OneDrive\Pictures\Desktop\server\Servers\apache-tomcat-9.0.98-windows-x64\apache-tomcat-9.0.98\webapps\ROOT] has finished in [31] ms
21-Jun-2025 00:23:33.813 INFO [main] org.apache.catalina.startup.Catalina.start Server startup in [791] milliseconds
21-Jun-2025 00:23:33.829 SEVERE [main] org.apache.catalina.core.StandardServer.await Failed to create server shutdown socket on address [localhost] and port [8005] (base port [8005] and offset [0])
	java.net.BindException: Address already in use: NET_Bind
		at java.base/java.net.PlainSocketImpl.bind0(Native Method)
		at java.base/java.net.PlainSocketImpl.socketBind(PlainSocketImpl.java:132)
		at java.base/java.net.AbstractPlainSocketImpl.bind(AbstractPlainSocketImpl.java:452)
		at java.base/java.net.ServerSocket.bind(ServerSocket.java:381)
		at java.base/java.net.ServerSocket.<init>(ServerSocket.java:243)
		at org.apache.catalina.core.StandardServer.await(StandardServer.java:537)
		at org.apache.catalina.startup.Catalina.await(Catalina.java:829)
		at org.apache.catalina.startup.Catalina.start(Catalina.java:777)
		at java.base/jdk.internal.reflect.NativeMethodAccessorImpl.invoke0(Native Method)
		at java.base/jdk.internal.reflect.NativeMethodAccessorImpl.invoke(NativeMethodAccessorImpl.java:62)
		at java.base/jdk.internal.reflect.DelegatingMethodAccessorImpl.invoke(DelegatingMethodAccessorImpl.java:43)
		at java.base/java.lang.reflect.Method.invoke(Method.java:566)
		at org.apache.catalina.startup.Bootstrap.start(Bootstrap.java:345)
		at org.apache.catalina.startup.Bootstrap.main(Bootstrap.java:473)
21-Jun-2025 00:23:33.829 INFO [main] org.apache.coyote.AbstractProtocol.pause Pausing ProtocolHandler ["http-nio-8080"]
21-Jun-2025 00:23:33.829 INFO [main] org.apache.catalina.core.StandardService.stopInternal Stopping service [Catalina]
21-Jun-2025 00:23:33.845 INFO [main] org.apache.coyote.AbstractProtocol.stop Stopping ProtocolHandler ["http-nio-8080"]
21-Jun-2025 00:23:33.845 INFO [main] org.apache.coyote.AbstractProtocol.destroy Destroying ProtocolHandler ["http-nio-8080"]
21-Jun-2025 00:26:50.818 INFO [main] org.apache.catalina.startup.VersionLoggerListener.log Server version name:   Apache Tomcat/9.0.98
21-Jun-2025 00:26:50.834 INFO [main] org.apache.catalina.startup.VersionLoggerListener.log Server built:          Dec 5 2024 19:50:29 UTC
21-Jun-2025 00:26:50.834 INFO [main] org.apache.catalina.startup.VersionLoggerListener.log Server version number: 9.0.98.0
21-Jun-2025 00:26:50.834 INFO [main] org.apache.catalina.startup.VersionLoggerListener.log OS Name:               Windows 11
21-Jun-2025 00:26:50.834 INFO [main] org.apache.catalina.startup.VersionLoggerListener.log OS Version:            10.0
21-Jun-2025 00:26:50.834 INFO [main] org.apache.catalina.startup.VersionLoggerListener.log Architecture:          amd64
21-Jun-2025 00:26:50.834 INFO [main] org.apache.catalina.startup.VersionLoggerListener.log Java Home:             C:\Program Files\Java\jdk-11.0.15.1
21-Jun-2025 00:26:50.834 INFO [main] org.apache.catalina.startup.VersionLoggerListener.log JVM Version:           11.0.15.1+2-LTS-10
21-Jun-2025 00:26:50.834 INFO [main] org.apache.catalina.startup.VersionLoggerListener.log JVM Vendor:            Oracle Corporation
21-Jun-2025 00:26:50.834 INFO [main] org.apache.catalina.startup.VersionLoggerListener.log CATALINA_BASE:         C:\Users\SANCHITA\OneDrive\Pictures\Desktop\server\Servers\apache-tomcat-9.0.98-windows-x64\apache-tomcat-9.0.98
21-Jun-2025 00:26:50.834 INFO [main] org.apache.catalina.startup.VersionLoggerListener.log CATALINA_HOME:         C:\Users\SANCHITA\OneDrive\Pictures\Desktop\server\Servers\apache-tomcat-9.0.98-windows-x64\apache-tomcat-9.0.98
21-Jun-2025 00:26:50.834 INFO [main] org.apache.catalina.startup.VersionLoggerListener.log Command line argument: --add-opens=java.base/java.lang=ALL-UNNAMED
21-Jun-2025 00:26:50.834 INFO [main] org.apache.catalina.startup.VersionLoggerListener.log Command line argument: --add-opens=java.base/java.io=ALL-UNNAMED
21-Jun-2025 00:26:50.834 INFO [main] org.apache.catalina.startup.VersionLoggerListener.log Command line argument: --add-opens=java.base/java.util=ALL-UNNAMED
21-Jun-2025 00:26:50.834 INFO [main] org.apache.catalina.startup.VersionLoggerListener.log Command line argument: --add-opens=java.base/java.util.concurrent=ALL-UNNAMED
21-Jun-2025 00:26:50.834 INFO [main] org.apache.catalina.startup.VersionLoggerListener.log Command line argument: --add-opens=java.rmi/sun.rmi.transport=ALL-UNNAMED
21-Jun-2025 00:26:50.834 INFO [main] org.apache.catalina.startup.VersionLoggerListener.log Command line argument: -Djava.util.logging.config.file=C:\Users\SANCHITA\OneDrive\Pictures\Desktop\server\Servers\apache-tomcat-9.0.98-windows-x64\apache-tomcat-9.0.98\conf\logging.properties
21-Jun-2025 00:26:50.834 INFO [main] org.apache.catalina.startup.VersionLoggerListener.log Command line argument: -Djava.util.logging.manager=org.apache.juli.ClassLoaderLogManager
21-Jun-2025 00:26:50.834 INFO [main] org.apache.catalina.startup.VersionLoggerListener.log Command line argument: -Djdk.tls.ephemeralDHKeySize=2048
21-Jun-2025 00:26:50.834 INFO [main] org.apache.catalina.startup.VersionLoggerListener.log Command line argument: -Djava.protocol.handler.pkgs=org.apache.catalina.webresources
21-Jun-2025 00:26:50.834 INFO [main] org.apache.catalina.startup.VersionLoggerListener.log Command line argument: -Dignore.endorsed.dirs=
21-Jun-2025 00:26:50.834 INFO [main] org.apache.catalina.startup.VersionLoggerListener.log Command line argument: -Dcatalina.base=C:\Users\SANCHITA\OneDrive\Pictures\Desktop\server\Servers\apache-tomcat-9.0.98-windows-x64\apache-tomcat-9.0.98
21-Jun-2025 00:26:50.834 INFO [main] org.apache.catalina.startup.VersionLoggerListener.log Command line argument: -Dcatalina.home=C:\Users\SANCHITA\OneDrive\Pictures\Desktop\server\Servers\apache-tomcat-9.0.98-windows-x64\apache-tomcat-9.0.98
21-Jun-2025 00:26:50.834 INFO [main] org.apache.catalina.startup.VersionLoggerListener.log Command line argument: -Djava.io.tmpdir=C:\Users\SANCHITA\OneDrive\Pictures\Desktop\server\Servers\apache-tomcat-9.0.98-windows-x64\apache-tomcat-9.0.98\temp
21-Jun-2025 00:26:50.850 INFO [main] org.apache.catalina.core.AprLifecycleListener.lifecycleEvent Loaded Apache Tomcat Native library [1.3.1] using APR version [1.7.4].
21-Jun-2025 00:26:50.850 INFO [main] org.apache.catalina.core.AprLifecycleListener.lifecycleEvent APR capabilities: IPv6 [true], sendfile [true], accept filters [false], random [true], UDS [true].
21-Jun-2025 00:26:50.850 INFO [main] org.apache.catalina.core.AprLifecycleListener.lifecycleEvent APR/OpenSSL configuration: useAprConnector [false], useOpenSSL [true]
21-Jun-2025 00:26:50.850 INFO [main] org.apache.catalina.core.AprLifecycleListener.initializeSSL OpenSSL successfully initialized [OpenSSL 3.0.14 4 Jun 2024]
21-Jun-2025 00:26:51.068 INFO [main] org.apache.coyote.AbstractProtocol.init Initializing ProtocolHandler ["http-nio-8080"]
21-Jun-2025 00:26:51.084 SEVERE [main] org.apache.catalina.util.LifecycleBase.handleSubClassException Failed to initialize component [Connector["http-nio-8080"]]
	org.apache.catalina.LifecycleException: Protocol handler initialization failed
		at org.apache.catalina.connector.Connector.initInternal(Connector.java:1027)
		at org.apache.catalina.util.LifecycleBase.init(LifecycleBase.java:122)
		at org.apache.catalina.core.StandardService.initInternal(StandardService.java:525)
		at org.apache.catalina.util.LifecycleBase.init(LifecycleBase.java:122)
		at org.apache.catalina.core.StandardServer.initInternal(StandardServer.java:986)
		at org.apache.catalina.util.LifecycleBase.init(LifecycleBase.java:122)
		at org.apache.catalina.startup.Catalina.load(Catalina.java:690)
		at org.apache.catalina.startup.Catalina.load(Catalina.java:713)
		at java.base/jdk.internal.reflect.NativeMethodAccessorImpl.invoke0(Native Method)
		at java.base/jdk.internal.reflect.NativeMethodAccessorImpl.invoke(NativeMethodAccessorImpl.java:62)
		at java.base/jdk.internal.reflect.DelegatingMethodAccessorImpl.invoke(DelegatingMethodAccessorImpl.java:43)
		at java.base/java.lang.reflect.Method.invoke(Method.java:566)
		at org.apache.catalina.startup.Bootstrap.load(Bootstrap.java:302)
		at org.apache.catalina.startup.Bootstrap.main(Bootstrap.java:472)
	Caused by: java.net.BindException: Address already in use: bind
		at java.base/sun.nio.ch.Net.bind0(Native Method)
		at java.base/sun.nio.ch.Net.bind(Net.java:459)
		at java.base/sun.nio.ch.Net.bind(Net.java:448)
		at java.base/sun.nio.ch.ServerSocketChannelImpl.bind(ServerSocketChannelImpl.java:227)
		at org.apache.tomcat.util.net.NioEndpoint.initServerSocket(NioEndpoint.java:268)
		at org.apache.tomcat.util.net.NioEndpoint.bind(NioEndpoint.java:223)
		at org.apache.tomcat.util.net.AbstractEndpoint.bindWithCleanup(AbstractEndpoint.java:1373)
		at org.apache.tomcat.util.net.AbstractEndpoint.init(AbstractEndpoint.java:1386)
		at org.apache.coyote.AbstractProtocol.init(AbstractProtocol.java:663)
		at org.apache.coyote.http11.AbstractHttp11Protocol.init(AbstractHttp11Protocol.java:80)
		at org.apache.catalina.connector.Connector.initInternal(Connector.java:1025)
		... 13 more
21-Jun-2025 00:26:51.084 INFO [main] org.apache.catalina.startup.Catalina.load Server initialization in [397] milliseconds
21-Jun-2025 00:26:51.146 INFO [main] org.apache.catalina.core.StandardService.startInternal Starting service [Catalina]
21-Jun-2025 00:26:51.146 INFO [main] org.apache.catalina.core.StandardEngine.startInternal Starting Servlet engine: [Apache Tomcat/9.0.98]
21-Jun-2025 00:26:51.146 INFO [main] org.apache.catalina.startup.HostConfig.deployDirectory Deploying web application directory [C:\Users\SANCHITA\OneDrive\Pictures\Desktop\server\Servers\apache-tomcat-9.0.98-windows-x64\apache-tomcat-9.0.98\webapps\docs]
21-Jun-2025 00:26:51.507 WARNING [main] org.apache.catalina.util.SessionIdGeneratorBase.createSecureRandom Creation of SecureRandom instance for session ID generation using [SHA1PRNG] took [126] milliseconds.
21-Jun-2025 00:26:51.541 INFO [main] org.apache.catalina.startup.HostConfig.deployDirectory Deployment of web application directory [C:\Users\SANCHITA\OneDrive\Pictures\Desktop\server\Servers\apache-tomcat-9.0.98-windows-x64\apache-tomcat-9.0.98\webapps\docs] has finished in [395] ms
21-Jun-2025 00:26:51.541 INFO [main] org.apache.catalina.startup.HostConfig.deployDirectory Deploying web application directory [C:\Users\SANCHITA\OneDrive\Pictures\Desktop\server\Servers\apache-tomcat-9.0.98-windows-x64\apache-tomcat-9.0.98\webapps\examples]
21-Jun-2025 00:26:51.821 INFO [main] org.apache.catalina.startup.HostConfig.deployDirectory Deployment of web application directory [C:\Users\SANCHITA\OneDrive\Pictures\Desktop\server\Servers\apache-tomcat-9.0.98-windows-x64\apache-tomcat-9.0.98\webapps\examples] has finished in [280] ms
21-Jun-2025 00:26:51.821 INFO [main] org.apache.catalina.startup.HostConfig.deployDirectory Deploying web application directory [C:\Users\SANCHITA\OneDrive\Pictures\Desktop\server\Servers\apache-tomcat-9.0.98-windows-x64\apache-tomcat-9.0.98\webapps\host-manager]
21-Jun-2025 00:26:51.867 INFO [main] org.apache.catalina.startup.HostConfig.deployDirectory Deployment of web application directory [C:\Users\SANCHITA\OneDrive\Pictures\Desktop\server\Servers\apache-tomcat-9.0.98-windows-x64\apache-tomcat-9.0.98\webapps\host-manager] has finished in [46] ms
21-Jun-2025 00:26:51.867 INFO [main] org.apache.catalina.startup.HostConfig.deployDirectory Deploying web application directory [C:\Users\SANCHITA\OneDrive\Pictures\Desktop\server\Servers\apache-tomcat-9.0.98-windows-x64\apache-tomcat-9.0.98\webapps\manager]
21-Jun-2025 00:26:51.883 INFO [main] org.apache.catalina.startup.HostConfig.deployDirectory Deployment of web application directory [C:\Users\SANCHITA\OneDrive\Pictures\Desktop\server\Servers\apache-tomcat-9.0.98-windows-x64\apache-tomcat-9.0.98\webapps\manager] has finished in [16] ms
21-Jun-2025 00:26:51.883 INFO [main] org.apache.catalina.startup.HostConfig.deployDirectory Deploying web application directory [C:\Users\SANCHITA\OneDrive\Pictures\Desktop\server\Servers\apache-tomcat-9.0.98-windows-x64\apache-tomcat-9.0.98\webapps\ROOT]
21-Jun-2025 00:26:51.924 INFO [main] org.apache.catalina.startup.HostConfig.deployDirectory Deployment of web application directory [C:\Users\SANCHITA\OneDrive\Pictures\Desktop\server\Servers\apache-tomcat-9.0.98-windows-x64\apache-tomcat-9.0.98\webapps\ROOT] has finished in [41] ms
21-Jun-2025 00:26:51.932 INFO [main] org.apache.catalina.startup.Catalina.start Server startup in [841] milliseconds
21-Jun-2025 00:26:51.937 SEVERE [main] org.apache.catalina.core.StandardServer.await Failed to create server shutdown socket on address [localhost] and port [8005] (base port [8005] and offset [0])
	java.net.BindException: Address already in use: NET_Bind
		at java.base/java.net.PlainSocketImpl.bind0(Native Method)
		at java.base/java.net.PlainSocketImpl.socketBind(PlainSocketImpl.java:132)
		at java.base/java.net.AbstractPlainSocketImpl.bind(AbstractPlainSocketImpl.java:452)
		at java.base/java.net.ServerSocket.bind(ServerSocket.java:381)
		at java.base/java.net.ServerSocket.<init>(ServerSocket.java:243)
		at org.apache.catalina.core.StandardServer.await(StandardServer.java:537)
		at org.apache.catalina.startup.Catalina.await(Catalina.java:829)
		at org.apache.catalina.startup.Catalina.start(Catalina.java:777)
		at java.base/jdk.internal.reflect.NativeMethodAccessorImpl.invoke0(Native Method)
		at java.base/jdk.internal.reflect.NativeMethodAccessorImpl.invoke(NativeMethodAccessorImpl.java:62)
		at java.base/jdk.internal.reflect.DelegatingMethodAccessorImpl.invoke(DelegatingMethodAccessorImpl.java:43)
		at java.base/java.lang.reflect.Method.invoke(Method.java:566)
		at org.apache.catalina.startup.Bootstrap.start(Bootstrap.java:345)
		at org.apache.catalina.startup.Bootstrap.main(Bootstrap.java:473)
21-Jun-2025 00:26:51.938 INFO [main] org.apache.coyote.AbstractProtocol.pause Pausing ProtocolHandler ["http-nio-8080"]
21-Jun-2025 00:26:51.938 INFO [main] org.apache.catalina.core.StandardService.stopInternal Stopping service [Catalina]
21-Jun-2025 00:26:51.960 INFO [main] org.apache.coyote.AbstractProtocol.stop Stopping ProtocolHandler ["http-nio-8080"]
21-Jun-2025 00:26:51.960 INFO [main] org.apache.coyote.AbstractProtocol.destroy Destroying ProtocolHandler ["http-nio-8080"]
21-Jun-2025 00:26:56.387 INFO [main] org.apache.catalina.startup.VersionLoggerListener.log Server version name:   Apache Tomcat/9.0.98
21-Jun-2025 00:26:56.403 INFO [main] org.apache.catalina.startup.VersionLoggerListener.log Server built:          Dec 5 2024 19:50:29 UTC
21-Jun-2025 00:26:56.403 INFO [main] org.apache.catalina.startup.VersionLoggerListener.log Server version number: 9.0.98.0
21-Jun-2025 00:26:56.403 INFO [main] org.apache.catalina.startup.VersionLoggerListener.log OS Name:               Windows 11
21-Jun-2025 00:26:56.403 INFO [main] org.apache.catalina.startup.VersionLoggerListener.log OS Version:            10.0
21-Jun-2025 00:26:56.403 INFO [main] org.apache.catalina.startup.VersionLoggerListener.log Architecture:          amd64
21-Jun-2025 00:26:56.403 INFO [main] org.apache.catalina.startup.VersionLoggerListener.log Java Home:             C:\Program Files\Java\jdk-11.0.15.1
21-Jun-2025 00:26:56.403 INFO [main] org.apache.catalina.startup.VersionLoggerListener.log JVM Version:           11.0.15.1+2-LTS-10
21-Jun-2025 00:26:56.403 INFO [main] org.apache.catalina.startup.VersionLoggerListener.log JVM Vendor:            Oracle Corporation
21-Jun-2025 00:26:56.403 INFO [main] org.apache.catalina.startup.VersionLoggerListener.log CATALINA_BASE:         C:\Users\SANCHITA\OneDrive\Pictures\Desktop\server\Servers\apache-tomcat-9.0.98-windows-x64\apache-tomcat-9.0.98
21-Jun-2025 00:26:56.403 INFO [main] org.apache.catalina.startup.VersionLoggerListener.log CATALINA_HOME:         C:\Users\SANCHITA\OneDrive\Pictures\Desktop\server\Servers\apache-tomcat-9.0.98-windows-x64\apache-tomcat-9.0.98
21-Jun-2025 00:26:56.403 INFO [main] org.apache.catalina.startup.VersionLoggerListener.log Command line argument: --add-opens=java.base/java.lang=ALL-UNNAMED
21-Jun-2025 00:26:56.403 INFO [main] org.apache.catalina.startup.VersionLoggerListener.log Command line argument: --add-opens=java.base/java.io=ALL-UNNAMED
21-Jun-2025 00:26:56.403 INFO [main] org.apache.catalina.startup.VersionLoggerListener.log Command line argument: --add-opens=java.base/java.util=ALL-UNNAMED
21-Jun-2025 00:26:56.418 INFO [main] org.apache.catalina.startup.VersionLoggerListener.log Command line argument: --add-opens=java.base/java.util.concurrent=ALL-UNNAMED
21-Jun-2025 00:26:56.418 INFO [main] org.apache.catalina.startup.VersionLoggerListener.log Command line argument: --add-opens=java.rmi/sun.rmi.transport=ALL-UNNAMED
21-Jun-2025 00:26:56.418 INFO [main] org.apache.catalina.startup.VersionLoggerListener.log Command line argument: -Djava.util.logging.config.file=C:\Users\SANCHITA\OneDrive\Pictures\Desktop\server\Servers\apache-tomcat-9.0.98-windows-x64\apache-tomcat-9.0.98\conf\logging.properties
21-Jun-2025 00:26:56.418 INFO [main] org.apache.catalina.startup.VersionLoggerListener.log Command line argument: -Djava.util.logging.manager=org.apache.juli.ClassLoaderLogManager
21-Jun-2025 00:26:56.418 INFO [main] org.apache.catalina.startup.VersionLoggerListener.log Command line argument: -Djdk.tls.ephemeralDHKeySize=2048
21-Jun-2025 00:26:56.418 INFO [main] org.apache.catalina.startup.VersionLoggerListener.log Command line argument: -Djava.protocol.handler.pkgs=org.apache.catalina.webresources
21-Jun-2025 00:26:56.418 INFO [main] org.apache.catalina.startup.VersionLoggerListener.log Command line argument: -Dignore.endorsed.dirs=
21-Jun-2025 00:26:56.418 INFO [main] org.apache.catalina.startup.VersionLoggerListener.log Command line argument: -Dcatalina.base=C:\Users\SANCHITA\OneDrive\Pictures\Desktop\server\Servers\apache-tomcat-9.0.98-windows-x64\apache-tomcat-9.0.98
21-Jun-2025 00:26:56.418 INFO [main] org.apache.catalina.startup.VersionLoggerListener.log Command line argument: -Dcatalina.home=C:\Users\SANCHITA\OneDrive\Pictures\Desktop\server\Servers\apache-tomcat-9.0.98-windows-x64\apache-tomcat-9.0.98
21-Jun-2025 00:26:56.418 INFO [main] org.apache.catalina.startup.VersionLoggerListener.log Command line argument: -Djava.io.tmpdir=C:\Users\SANCHITA\OneDrive\Pictures\Desktop\server\Servers\apache-tomcat-9.0.98-windows-x64\apache-tomcat-9.0.98\temp
21-Jun-2025 00:26:56.418 INFO [main] org.apache.catalina.core.AprLifecycleListener.lifecycleEvent Loaded Apache Tomcat Native library [1.3.1] using APR version [1.7.4].
21-Jun-2025 00:26:56.418 INFO [main] org.apache.catalina.core.AprLifecycleListener.lifecycleEvent APR capabilities: IPv6 [true], sendfile [true], accept filters [false], random [true], UDS [true].
21-Jun-2025 00:26:56.418 INFO [main] org.apache.catalina.core.AprLifecycleListener.lifecycleEvent APR/OpenSSL configuration: useAprConnector [false], useOpenSSL [true]
21-Jun-2025 00:26:56.418 INFO [main] org.apache.catalina.core.AprLifecycleListener.initializeSSL OpenSSL successfully initialized [OpenSSL 3.0.14 4 Jun 2024]
21-Jun-2025 00:26:56.637 INFO [main] org.apache.coyote.AbstractProtocol.init Initializing ProtocolHandler ["http-nio-8080"]
21-Jun-2025 00:26:56.653 SEVERE [main] org.apache.catalina.util.LifecycleBase.handleSubClassException Failed to initialize component [Connector["http-nio-8080"]]
	org.apache.catalina.LifecycleException: Protocol handler initialization failed
		at org.apache.catalina.connector.Connector.initInternal(Connector.java:1027)
		at org.apache.catalina.util.LifecycleBase.init(LifecycleBase.java:122)
		at org.apache.catalina.core.StandardService.initInternal(StandardService.java:525)
		at org.apache.catalina.util.LifecycleBase.init(LifecycleBase.java:122)
		at org.apache.catalina.core.StandardServer.initInternal(StandardServer.java:986)
		at org.apache.catalina.util.LifecycleBase.init(LifecycleBase.java:122)
		at org.apache.catalina.startup.Catalina.load(Catalina.java:690)
		at org.apache.catalina.startup.Catalina.load(Catalina.java:713)
		at java.base/jdk.internal.reflect.NativeMethodAccessorImpl.invoke0(Native Method)
		at java.base/jdk.internal.reflect.NativeMethodAccessorImpl.invoke(NativeMethodAccessorImpl.java:62)
		at java.base/jdk.internal.reflect.DelegatingMethodAccessorImpl.invoke(DelegatingMethodAccessorImpl.java:43)
		at java.base/java.lang.reflect.Method.invoke(Method.java:566)
		at org.apache.catalina.startup.Bootstrap.load(Bootstrap.java:302)
		at org.apache.catalina.startup.Bootstrap.main(Bootstrap.java:472)
	Caused by: java.net.BindException: Address already in use: bind
		at java.base/sun.nio.ch.Net.bind0(Native Method)
		at java.base/sun.nio.ch.Net.bind(Net.java:459)
		at java.base/sun.nio.ch.Net.bind(Net.java:448)
		at java.base/sun.nio.ch.ServerSocketChannelImpl.bind(ServerSocketChannelImpl.java:227)
		at org.apache.tomcat.util.net.NioEndpoint.initServerSocket(NioEndpoint.java:268)
		at org.apache.tomcat.util.net.NioEndpoint.bind(NioEndpoint.java:223)
		at org.apache.tomcat.util.net.AbstractEndpoint.bindWithCleanup(AbstractEndpoint.java:1373)
		at org.apache.tomcat.util.net.AbstractEndpoint.init(AbstractEndpoint.java:1386)
		at org.apache.coyote.AbstractProtocol.init(AbstractProtocol.java:663)
		at org.apache.coyote.http11.AbstractHttp11Protocol.init(AbstractHttp11Protocol.java:80)
		at org.apache.catalina.connector.Connector.initInternal(Connector.java:1025)
		... 13 more
21-Jun-2025 00:26:56.653 INFO [main] org.apache.catalina.startup.Catalina.load Server initialization in [397] milliseconds
21-Jun-2025 00:26:56.700 INFO [main] org.apache.catalina.core.StandardService.startInternal Starting service [Catalina]
21-Jun-2025 00:26:56.700 INFO [main] org.apache.catalina.core.StandardEngine.startInternal Starting Servlet engine: [Apache Tomcat/9.0.98]
21-Jun-2025 00:26:56.700 INFO [main] org.apache.catalina.startup.HostConfig.deployDirectory Deploying web application directory [C:\Users\SANCHITA\OneDrive\Pictures\Desktop\server\Servers\apache-tomcat-9.0.98-windows-x64\apache-tomcat-9.0.98\webapps\docs]
21-Jun-2025 00:26:57.056 WARNING [main] org.apache.catalina.util.SessionIdGeneratorBase.createSecureRandom Creation of SecureRandom instance for session ID generation using [SHA1PRNG] took [122] milliseconds.
21-Jun-2025 00:26:57.077 INFO [main] org.apache.catalina.startup.HostConfig.deployDirectory Deployment of web application directory [C:\Users\SANCHITA\OneDrive\Pictures\Desktop\server\Servers\apache-tomcat-9.0.98-windows-x64\apache-tomcat-9.0.98\webapps\docs] has finished in [377] ms
21-Jun-2025 00:26:57.077 INFO [main] org.apache.catalina.startup.HostConfig.deployDirectory Deploying web application directory [C:\Users\SANCHITA\OneDrive\Pictures\Desktop\server\Servers\apache-tomcat-9.0.98-windows-x64\apache-tomcat-9.0.98\webapps\examples]
21-Jun-2025 00:26:57.374 INFO [main] org.apache.catalina.startup.HostConfig.deployDirectory Deployment of web application directory [C:\Users\SANCHITA\OneDrive\Pictures\Desktop\server\Servers\apache-tomcat-9.0.98-windows-x64\apache-tomcat-9.0.98\webapps\examples] has finished in [297] ms
21-Jun-2025 00:26:57.374 INFO [main] org.apache.catalina.startup.HostConfig.deployDirectory Deploying web application directory [C:\Users\SANCHITA\OneDrive\Pictures\Desktop\server\Servers\apache-tomcat-9.0.98-windows-x64\apache-tomcat-9.0.98\webapps\host-manager]
21-Jun-2025 00:26:57.437 INFO [main] org.apache.catalina.startup.HostConfig.deployDirectory Deployment of web application directory [C:\Users\SANCHITA\OneDrive\Pictures\Desktop\server\Servers\apache-tomcat-9.0.98-windows-x64\apache-tomcat-9.0.98\webapps\host-manager] has finished in [63] ms
21-Jun-2025 00:26:57.437 INFO [main] org.apache.catalina.startup.HostConfig.deployDirectory Deploying web application directory [C:\Users\SANCHITA\OneDrive\Pictures\Desktop\server\Servers\apache-tomcat-9.0.98-windows-x64\apache-tomcat-9.0.98\webapps\manager]
21-Jun-2025 00:26:57.468 INFO [main] org.apache.catalina.startup.HostConfig.deployDirectory Deployment of web application directory [C:\Users\SANCHITA\OneDrive\Pictures\Desktop\server\Servers\apache-tomcat-9.0.98-windows-x64\apache-tomcat-9.0.98\webapps\manager] has finished in [31] ms
21-Jun-2025 00:26:57.468 INFO [main] org.apache.catalina.startup.HostConfig.deployDirectory Deploying web application directory [C:\Users\SANCHITA\OneDrive\Pictures\Desktop\server\Servers\apache-tomcat-9.0.98-windows-x64\apache-tomcat-9.0.98\webapps\ROOT]
21-Jun-2025 00:26:57.499 INFO [main] org.apache.catalina.startup.HostConfig.deployDirectory Deployment of web application directory [C:\Users\SANCHITA\OneDrive\Pictures\Desktop\server\Servers\apache-tomcat-9.0.98-windows-x64\apache-tomcat-9.0.98\webapps\ROOT] has finished in [31] ms
21-Jun-2025 00:26:57.515 INFO [main] org.apache.catalina.startup.Catalina.start Server startup in [862] milliseconds
21-Jun-2025 00:26:57.515 SEVERE [main] org.apache.catalina.core.StandardServer.await Failed to create server shutdown socket on address [localhost] and port [8005] (base port [8005] and offset [0])
	java.net.BindException: Address already in use: NET_Bind
		at java.base/java.net.PlainSocketImpl.bind0(Native Method)
		at java.base/java.net.PlainSocketImpl.socketBind(PlainSocketImpl.java:132)
		at java.base/java.net.AbstractPlainSocketImpl.bind(AbstractPlainSocketImpl.java:452)
		at java.base/java.net.ServerSocket.bind(ServerSocket.java:381)
		at java.base/java.net.ServerSocket.<init>(ServerSocket.java:243)
		at org.apache.catalina.core.StandardServer.await(StandardServer.java:537)
		at org.apache.catalina.startup.Catalina.await(Catalina.java:829)
		at org.apache.catalina.startup.Catalina.start(Catalina.java:777)
		at java.base/jdk.internal.reflect.NativeMethodAccessorImpl.invoke0(Native Method)
		at java.base/jdk.internal.reflect.NativeMethodAccessorImpl.invoke(NativeMethodAccessorImpl.java:62)
		at java.base/jdk.internal.reflect.DelegatingMethodAccessorImpl.invoke(DelegatingMethodAccessorImpl.java:43)
		at java.base/java.lang.reflect.Method.invoke(Method.java:566)
		at org.apache.catalina.startup.Bootstrap.start(Bootstrap.java:345)
		at org.apache.catalina.startup.Bootstrap.main(Bootstrap.java:473)
21-Jun-2025 00:26:57.515 INFO [main] org.apache.coyote.AbstractProtocol.pause Pausing ProtocolHandler ["http-nio-8080"]
21-Jun-2025 00:26:57.515 INFO [main] org.apache.catalina.core.StandardService.stopInternal Stopping service [Catalina]
21-Jun-2025 00:26:57.546 INFO [main] org.apache.coyote.AbstractProtocol.stop Stopping ProtocolHandler ["http-nio-8080"]
21-Jun-2025 00:26:57.546 INFO [main] org.apache.coyote.AbstractProtocol.destroy Destroying ProtocolHandler ["http-nio-8080"]
21-Jun-2025 00:28:44.915 INFO [main] org.apache.catalina.startup.VersionLoggerListener.log Server version name:   Apache Tomcat/9.0.98
21-Jun-2025 00:28:44.915 INFO [main] org.apache.catalina.startup.VersionLoggerListener.log Server built:          Dec 5 2024 19:50:29 UTC
21-Jun-2025 00:28:44.915 INFO [main] org.apache.catalina.startup.VersionLoggerListener.log Server version number: 9.0.98.0
21-Jun-2025 00:28:44.915 INFO [main] org.apache.catalina.startup.VersionLoggerListener.log OS Name:               Windows 11
21-Jun-2025 00:28:44.915 INFO [main] org.apache.catalina.startup.VersionLoggerListener.log OS Version:            10.0
21-Jun-2025 00:28:44.915 INFO [main] org.apache.catalina.startup.VersionLoggerListener.log Architecture:          amd64
21-Jun-2025 00:28:44.915 INFO [main] org.apache.catalina.startup.VersionLoggerListener.log Java Home:             C:\Program Files\Java\jdk-11.0.15.1
21-Jun-2025 00:28:44.915 INFO [main] org.apache.catalina.startup.VersionLoggerListener.log JVM Version:           11.0.15.1+2-LTS-10
21-Jun-2025 00:28:44.915 INFO [main] org.apache.catalina.startup.VersionLoggerListener.log JVM Vendor:            Oracle Corporation
21-Jun-2025 00:28:44.915 INFO [main] org.apache.catalina.startup.VersionLoggerListener.log CATALINA_BASE:         C:\Users\SANCHITA\OneDrive\Pictures\Desktop\server\Servers\apache-tomcat-9.0.98-windows-x64\apache-tomcat-9.0.98
21-Jun-2025 00:28:44.915 INFO [main] org.apache.catalina.startup.VersionLoggerListener.log CATALINA_HOME:         C:\Users\SANCHITA\OneDrive\Pictures\Desktop\server\Servers\apache-tomcat-9.0.98-windows-x64\apache-tomcat-9.0.98
21-Jun-2025 00:28:44.915 INFO [main] org.apache.catalina.startup.VersionLoggerListener.log Command line argument: --add-opens=java.base/java.lang=ALL-UNNAMED
21-Jun-2025 00:28:44.930 INFO [main] org.apache.catalina.startup.VersionLoggerListener.log Command line argument: --add-opens=java.base/java.io=ALL-UNNAMED
21-Jun-2025 00:28:44.930 INFO [main] org.apache.catalina.startup.VersionLoggerListener.log Command line argument: --add-opens=java.base/java.util=ALL-UNNAMED
21-Jun-2025 00:28:44.930 INFO [main] org.apache.catalina.startup.VersionLoggerListener.log Command line argument: --add-opens=java.base/java.util.concurrent=ALL-UNNAMED
21-Jun-2025 00:28:44.930 INFO [main] org.apache.catalina.startup.VersionLoggerListener.log Command line argument: --add-opens=java.rmi/sun.rmi.transport=ALL-UNNAMED
21-Jun-2025 00:28:44.930 INFO [main] org.apache.catalina.startup.VersionLoggerListener.log Command line argument: -Djava.util.logging.config.file=C:\Users\SANCHITA\OneDrive\Pictures\Desktop\server\Servers\apache-tomcat-9.0.98-windows-x64\apache-tomcat-9.0.98\conf\logging.properties
21-Jun-2025 00:28:44.930 INFO [main] org.apache.catalina.startup.VersionLoggerListener.log Command line argument: -Djava.util.logging.manager=org.apache.juli.ClassLoaderLogManager
21-Jun-2025 00:28:44.930 INFO [main] org.apache.catalina.startup.VersionLoggerListener.log Command line argument: -Djdk.tls.ephemeralDHKeySize=2048
21-Jun-2025 00:28:44.930 INFO [main] org.apache.catalina.startup.VersionLoggerListener.log Command line argument: -Djava.protocol.handler.pkgs=org.apache.catalina.webresources
21-Jun-2025 00:28:44.930 INFO [main] org.apache.catalina.startup.VersionLoggerListener.log Command line argument: -Dignore.endorsed.dirs=
21-Jun-2025 00:28:44.930 INFO [main] org.apache.catalina.startup.VersionLoggerListener.log Command line argument: -Dcatalina.base=C:\Users\SANCHITA\OneDrive\Pictures\Desktop\server\Servers\apache-tomcat-9.0.98-windows-x64\apache-tomcat-9.0.98
21-Jun-2025 00:28:44.930 INFO [main] org.apache.catalina.startup.VersionLoggerListener.log Command line argument: -Dcatalina.home=C:\Users\SANCHITA\OneDrive\Pictures\Desktop\server\Servers\apache-tomcat-9.0.98-windows-x64\apache-tomcat-9.0.98
21-Jun-2025 00:28:44.930 INFO [main] org.apache.catalina.startup.VersionLoggerListener.log Command line argument: -Djava.io.tmpdir=C:\Users\SANCHITA\OneDrive\Pictures\Desktop\server\Servers\apache-tomcat-9.0.98-windows-x64\apache-tomcat-9.0.98\temp
21-Jun-2025 00:28:44.930 INFO [main] org.apache.catalina.core.AprLifecycleListener.lifecycleEvent Loaded Apache Tomcat Native library [1.3.1] using APR version [1.7.4].
21-Jun-2025 00:28:44.930 INFO [main] org.apache.catalina.core.AprLifecycleListener.lifecycleEvent APR capabilities: IPv6 [true], sendfile [true], accept filters [false], random [true], UDS [true].
21-Jun-2025 00:28:44.930 INFO [main] org.apache.catalina.core.AprLifecycleListener.lifecycleEvent APR/OpenSSL configuration: useAprConnector [false], useOpenSSL [true]
21-Jun-2025 00:28:44.930 INFO [main] org.apache.catalina.core.AprLifecycleListener.initializeSSL OpenSSL successfully initialized [OpenSSL 3.0.14 4 Jun 2024]
21-Jun-2025 00:28:45.165 INFO [main] org.apache.coyote.AbstractProtocol.init Initializing ProtocolHandler ["http-nio-8080"]
21-Jun-2025 00:28:45.180 INFO [main] org.apache.catalina.startup.Catalina.load Server initialization in [407] milliseconds
21-Jun-2025 00:28:45.211 INFO [main] org.apache.catalina.core.StandardService.startInternal Starting service [Catalina]
21-Jun-2025 00:28:45.211 INFO [main] org.apache.catalina.core.StandardEngine.startInternal Starting Servlet engine: [Apache Tomcat/9.0.98]
21-Jun-2025 00:28:45.227 INFO [main] org.apache.catalina.startup.HostConfig.deployDirectory Deploying web application directory [C:\Users\SANCHITA\OneDrive\Pictures\Desktop\server\Servers\apache-tomcat-9.0.98-windows-x64\apache-tomcat-9.0.98\webapps\docs]
21-Jun-2025 00:28:45.555 WARNING [main] org.apache.catalina.util.SessionIdGeneratorBase.createSecureRandom Creation of SecureRandom instance for session ID generation using [SHA1PRNG] took [125] milliseconds.
21-Jun-2025 00:28:45.571 INFO [main] org.apache.catalina.startup.HostConfig.deployDirectory Deployment of web application directory [C:\Users\SANCHITA\OneDrive\Pictures\Desktop\server\Servers\apache-tomcat-9.0.98-windows-x64\apache-tomcat-9.0.98\webapps\docs] has finished in [344] ms
21-Jun-2025 00:28:45.571 INFO [main] org.apache.catalina.startup.HostConfig.deployDirectory Deploying web application directory [C:\Users\SANCHITA\OneDrive\Pictures\Desktop\server\Servers\apache-tomcat-9.0.98-windows-x64\apache-tomcat-9.0.98\webapps\examples]
21-Jun-2025 00:28:45.836 INFO [main] org.apache.catalina.startup.HostConfig.deployDirectory Deployment of web application directory [C:\Users\SANCHITA\OneDrive\Pictures\Desktop\server\Servers\apache-tomcat-9.0.98-windows-x64\apache-tomcat-9.0.98\webapps\examples] has finished in [265] ms
21-Jun-2025 00:28:45.836 INFO [main] org.apache.catalina.startup.HostConfig.deployDirectory Deploying web application directory [C:\Users\SANCHITA\OneDrive\Pictures\Desktop\server\Servers\apache-tomcat-9.0.98-windows-x64\apache-tomcat-9.0.98\webapps\host-manager]
21-Jun-2025 00:28:45.852 INFO [main] org.apache.catalina.startup.HostConfig.deployDirectory Deployment of web application directory [C:\Users\SANCHITA\OneDrive\Pictures\Desktop\server\Servers\apache-tomcat-9.0.98-windows-x64\apache-tomcat-9.0.98\webapps\host-manager] has finished in [16] ms
21-Jun-2025 00:28:45.852 INFO [main] org.apache.catalina.startup.HostConfig.deployDirectory Deploying web application directory [C:\Users\SANCHITA\OneDrive\Pictures\Desktop\server\Servers\apache-tomcat-9.0.98-windows-x64\apache-tomcat-9.0.98\webapps\manager]
21-Jun-2025 00:28:45.883 INFO [main] org.apache.catalina.startup.HostConfig.deployDirectory Deployment of web application directory [C:\Users\SANCHITA\OneDrive\Pictures\Desktop\server\Servers\apache-tomcat-9.0.98-windows-x64\apache-tomcat-9.0.98\webapps\manager] has finished in [31] ms
21-Jun-2025 00:28:45.883 INFO [main] org.apache.catalina.startup.HostConfig.deployDirectory Deploying web application directory [C:\Users\SANCHITA\OneDrive\Pictures\Desktop\server\Servers\apache-tomcat-9.0.98-windows-x64\apache-tomcat-9.0.98\webapps\ROOT]
21-Jun-2025 00:28:45.899 INFO [main] org.apache.catalina.startup.HostConfig.deployDirectory Deployment of web application directory [C:\Users\SANCHITA\OneDrive\Pictures\Desktop\server\Servers\apache-tomcat-9.0.98-windows-x64\apache-tomcat-9.0.98\webapps\ROOT] has finished in [16] ms
21-Jun-2025 00:28:45.915 INFO [main] org.apache.coyote.AbstractProtocol.start Starting ProtocolHandler ["http-nio-8080"]
21-Jun-2025 00:28:46.024 INFO [main] org.apache.catalina.startup.Catalina.start Server startup in [850] milliseconds
21-Jun-2025 00:30:29.593 INFO [Thread-1] org.apache.coyote.AbstractProtocol.pause Pausing ProtocolHandler ["http-nio-8080"]
21-Jun-2025 00:30:29.726 INFO [Thread-1] org.apache.catalina.core.StandardService.stopInternal Stopping service [Catalina]
21-Jun-2025 00:30:29.766 INFO [Thread-1] org.apache.coyote.AbstractProtocol.stop Stopping ProtocolHandler ["http-nio-8080"]
21-Jun-2025 00:30:29.782 INFO [Thread-1] org.apache.coyote.AbstractProtocol.destroy Destroying ProtocolHandler ["http-nio-8080"]
21-Jun-2025 00:30:57.732 INFO [main] org.apache.catalina.startup.VersionLoggerListener.log Server version name:   Apache Tomcat/9.0.98
21-Jun-2025 00:30:57.732 INFO [main] org.apache.catalina.startup.VersionLoggerListener.log Server built:          Dec 5 2024 19:50:29 UTC
21-Jun-2025 00:30:57.732 INFO [main] org.apache.catalina.startup.VersionLoggerListener.log Server version number: 9.0.98.0
21-Jun-2025 00:30:57.732 INFO [main] org.apache.catalina.startup.VersionLoggerListener.log OS Name:               Windows 11
21-Jun-2025 00:30:57.732 INFO [main] org.apache.catalina.startup.VersionLoggerListener.log OS Version:            10.0
21-Jun-2025 00:30:57.732 INFO [main] org.apache.catalina.startup.VersionLoggerListener.log Architecture:          amd64
21-Jun-2025 00:30:57.732 INFO [main] org.apache.catalina.startup.VersionLoggerListener.log Java Home:             C:\Program Files\Java\jdk-11.0.15.1
21-Jun-2025 00:30:57.732 INFO [main] org.apache.catalina.startup.VersionLoggerListener.log JVM Version:           11.0.15.1+2-LTS-10
21-Jun-2025 00:30:57.732 INFO [main] org.apache.catalina.startup.VersionLoggerListener.log JVM Vendor:            Oracle Corporation
21-Jun-2025 00:30:57.732 INFO [main] org.apache.catalina.startup.VersionLoggerListener.log CATALINA_BASE:         C:\Users\SANCHITA\OneDrive\Pictures\Desktop\server\Servers\apache-tomcat-9.0.98-windows-x64\apache-tomcat-9.0.98
21-Jun-2025 00:30:57.732 INFO [main] org.apache.catalina.startup.VersionLoggerListener.log CATALINA_HOME:         C:\Users\SANCHITA\OneDrive\Pictures\Desktop\server\Servers\apache-tomcat-9.0.98-windows-x64\apache-tomcat-9.0.98
21-Jun-2025 00:30:57.747 INFO [main] org.apache.catalina.startup.VersionLoggerListener.log Command line argument: --add-opens=java.base/java.lang=ALL-UNNAMED
21-Jun-2025 00:30:57.747 INFO [main] org.apache.catalina.startup.VersionLoggerListener.log Command line argument: --add-opens=java.base/java.io=ALL-UNNAMED
21-Jun-2025 00:30:57.747 INFO [main] org.apache.catalina.startup.VersionLoggerListener.log Command line argument: --add-opens=java.base/java.util=ALL-UNNAMED
21-Jun-2025 00:30:57.747 INFO [main] org.apache.catalina.startup.VersionLoggerListener.log Command line argument: --add-opens=java.base/java.util.concurrent=ALL-UNNAMED
21-Jun-2025 00:30:57.747 INFO [main] org.apache.catalina.startup.VersionLoggerListener.log Command line argument: --add-opens=java.rmi/sun.rmi.transport=ALL-UNNAMED
21-Jun-2025 00:30:57.747 INFO [main] org.apache.catalina.startup.VersionLoggerListener.log Command line argument: -Djava.util.logging.config.file=C:\Users\SANCHITA\OneDrive\Pictures\Desktop\server\Servers\apache-tomcat-9.0.98-windows-x64\apache-tomcat-9.0.98\conf\logging.properties
21-Jun-2025 00:30:57.747 INFO [main] org.apache.catalina.startup.VersionLoggerListener.log Command line argument: -Djava.util.logging.manager=org.apache.juli.ClassLoaderLogManager
21-Jun-2025 00:30:57.747 INFO [main] org.apache.catalina.startup.VersionLoggerListener.log Command line argument: -Djdk.tls.ephemeralDHKeySize=2048
21-Jun-2025 00:30:57.747 INFO [main] org.apache.catalina.startup.VersionLoggerListener.log Command line argument: -Djava.protocol.handler.pkgs=org.apache.catalina.webresources
21-Jun-2025 00:30:57.747 INFO [main] org.apache.catalina.startup.VersionLoggerListener.log Command line argument: -Dignore.endorsed.dirs=
21-Jun-2025 00:30:57.747 INFO [main] org.apache.catalina.startup.VersionLoggerListener.log Command line argument: -Dcatalina.base=C:\Users\SANCHITA\OneDrive\Pictures\Desktop\server\Servers\apache-tomcat-9.0.98-windows-x64\apache-tomcat-9.0.98
21-Jun-2025 00:30:57.747 INFO [main] org.apache.catalina.startup.VersionLoggerListener.log Command line argument: -Dcatalina.home=C:\Users\SANCHITA\OneDrive\Pictures\Desktop\server\Servers\apache-tomcat-9.0.98-windows-x64\apache-tomcat-9.0.98
21-Jun-2025 00:30:57.747 INFO [main] org.apache.catalina.startup.VersionLoggerListener.log Command line argument: -Djava.io.tmpdir=C:\Users\SANCHITA\OneDrive\Pictures\Desktop\server\Servers\apache-tomcat-9.0.98-windows-x64\apache-tomcat-9.0.98\temp
21-Jun-2025 00:30:57.747 INFO [main] org.apache.catalina.core.AprLifecycleListener.lifecycleEvent Loaded Apache Tomcat Native library [1.3.1] using APR version [1.7.4].
21-Jun-2025 00:30:57.747 INFO [main] org.apache.catalina.core.AprLifecycleListener.lifecycleEvent APR capabilities: IPv6 [true], sendfile [true], accept filters [false], random [true], UDS [true].
21-Jun-2025 00:30:57.747 INFO [main] org.apache.catalina.core.AprLifecycleListener.lifecycleEvent APR/OpenSSL configuration: useAprConnector [false], useOpenSSL [true]
21-Jun-2025 00:30:57.747 INFO [main] org.apache.catalina.core.AprLifecycleListener.initializeSSL OpenSSL successfully initialized [OpenSSL 3.0.14 4 Jun 2024]
21-Jun-2025 00:30:57.982 INFO [main] org.apache.coyote.AbstractProtocol.init Initializing ProtocolHandler ["http-nio-8080"]
21-Jun-2025 00:30:57.998 INFO [main] org.apache.catalina.startup.Catalina.load Server initialization in [404] milliseconds
21-Jun-2025 00:30:58.029 INFO [main] org.apache.catalina.core.StandardService.startInternal Starting service [Catalina]
21-Jun-2025 00:30:58.029 INFO [main] org.apache.catalina.core.StandardEngine.startInternal Starting Servlet engine: [Apache Tomcat/9.0.98]
21-Jun-2025 00:30:58.045 INFO [main] org.apache.catalina.startup.HostConfig.deployDirectory Deploying web application directory [C:\Users\SANCHITA\OneDrive\Pictures\Desktop\server\Servers\apache-tomcat-9.0.98-windows-x64\apache-tomcat-9.0.98\webapps\docs]
21-Jun-2025 00:30:58.343 WARNING [main] org.apache.catalina.util.SessionIdGeneratorBase.createSecureRandom Creation of SecureRandom instance for session ID generation using [SHA1PRNG] took [110] milliseconds.
21-Jun-2025 00:30:58.358 INFO [main] org.apache.catalina.startup.HostConfig.deployDirectory Deployment of web application directory [C:\Users\SANCHITA\OneDrive\Pictures\Desktop\server\Servers\apache-tomcat-9.0.98-windows-x64\apache-tomcat-9.0.98\webapps\docs] has finished in [313] ms
21-Jun-2025 00:30:58.374 INFO [main] org.apache.catalina.startup.HostConfig.deployDirectory Deploying web application directory [C:\Users\SANCHITA\OneDrive\Pictures\Desktop\server\Servers\apache-tomcat-9.0.98-windows-x64\apache-tomcat-9.0.98\webapps\examples]
21-Jun-2025 00:30:58.640 INFO [main] org.apache.catalina.startup.HostConfig.deployDirectory Deployment of web application directory [C:\Users\SANCHITA\OneDrive\Pictures\Desktop\server\Servers\apache-tomcat-9.0.98-windows-x64\apache-tomcat-9.0.98\webapps\examples] has finished in [266] ms
21-Jun-2025 00:30:58.640 INFO [main] org.apache.catalina.startup.HostConfig.deployDirectory Deploying web application directory [C:\Users\SANCHITA\OneDrive\Pictures\Desktop\server\Servers\apache-tomcat-9.0.98-windows-x64\apache-tomcat-9.0.98\webapps\host-manager]
21-Jun-2025 00:30:58.674 INFO [main] org.apache.catalina.startup.HostConfig.deployDirectory Deployment of web application directory [C:\Users\SANCHITA\OneDrive\Pictures\Desktop\server\Servers\apache-tomcat-9.0.98-windows-x64\apache-tomcat-9.0.98\webapps\host-manager] has finished in [34] ms
21-Jun-2025 00:30:58.674 INFO [main] org.apache.catalina.startup.HostConfig.deployDirectory Deploying web application directory [C:\Users\SANCHITA\OneDrive\Pictures\Desktop\server\Servers\apache-tomcat-9.0.98-windows-x64\apache-tomcat-9.0.98\webapps\manager]
21-Jun-2025 00:30:58.703 INFO [main] org.apache.catalina.startup.HostConfig.deployDirectory Deployment of web application directory [C:\Users\SANCHITA\OneDrive\Pictures\Desktop\server\Servers\apache-tomcat-9.0.98-windows-x64\apache-tomcat-9.0.98\webapps\manager] has finished in [29] ms
21-Jun-2025 00:30:58.703 INFO [main] org.apache.catalina.startup.HostConfig.deployDirectory Deploying web application directory [C:\Users\SANCHITA\OneDrive\Pictures\Desktop\server\Servers\apache-tomcat-9.0.98-windows-x64\apache-tomcat-9.0.98\webapps\ROOT]
21-Jun-2025 00:30:58.734 INFO [main] org.apache.catalina.startup.HostConfig.deployDirectory Deployment of web application directory [C:\Users\SANCHITA\OneDrive\Pictures\Desktop\server\Servers\apache-tomcat-9.0.98-windows-x64\apache-tomcat-9.0.98\webapps\ROOT] has finished in [31] ms
21-Jun-2025 00:30:58.750 INFO [main] org.apache.coyote.AbstractProtocol.start Starting ProtocolHandler ["http-nio-8080"]
21-Jun-2025 00:30:58.875 INFO [main] org.apache.catalina.startup.Catalina.start Server startup in [872] milliseconds
21-Jun-2025 00:34:12.700 INFO [main] org.apache.catalina.startup.VersionLoggerListener.log Server version name:   Apache Tomcat/9.0.98
21-Jun-2025 00:34:12.700 INFO [main] org.apache.catalina.startup.VersionLoggerListener.log Server built:          Dec 5 2024 19:50:29 UTC
21-Jun-2025 00:34:12.700 INFO [main] org.apache.catalina.startup.VersionLoggerListener.log Server version number: 9.0.98.0
21-Jun-2025 00:34:12.700 INFO [main] org.apache.catalina.startup.VersionLoggerListener.log OS Name:               Windows 11
21-Jun-2025 00:34:12.700 INFO [main] org.apache.catalina.startup.VersionLoggerListener.log OS Version:            10.0
21-Jun-2025 00:34:12.700 INFO [main] org.apache.catalina.startup.VersionLoggerListener.log Architecture:          amd64
21-Jun-2025 00:34:12.700 INFO [main] org.apache.catalina.startup.VersionLoggerListener.log Java Home:             C:\Program Files\Java\jdk-11.0.15.1
21-Jun-2025 00:34:12.700 INFO [main] org.apache.catalina.startup.VersionLoggerListener.log JVM Version:           11.0.15.1+2-LTS-10
21-Jun-2025 00:34:12.700 INFO [main] org.apache.catalina.startup.VersionLoggerListener.log JVM Vendor:            Oracle Corporation
21-Jun-2025 00:34:12.700 INFO [main] org.apache.catalina.startup.VersionLoggerListener.log CATALINA_BASE:         C:\Users\SANCHITA\OneDrive\Pictures\Desktop\server\Servers\apache-tomcat-9.0.98-windows-x64\apache-tomcat-9.0.98
21-Jun-2025 00:34:12.700 INFO [main] org.apache.catalina.startup.VersionLoggerListener.log CATALINA_HOME:         C:\Users\SANCHITA\OneDrive\Pictures\Desktop\server\Servers\apache-tomcat-9.0.98-windows-x64\apache-tomcat-9.0.98
21-Jun-2025 00:34:12.715 INFO [main] org.apache.catalina.startup.VersionLoggerListener.log Command line argument: --add-opens=java.base/java.lang=ALL-UNNAMED
21-Jun-2025 00:34:12.715 INFO [main] org.apache.catalina.startup.VersionLoggerListener.log Command line argument: --add-opens=java.base/java.io=ALL-UNNAMED
21-Jun-2025 00:34:12.715 INFO [main] org.apache.catalina.startup.VersionLoggerListener.log Command line argument: --add-opens=java.base/java.util=ALL-UNNAMED
21-Jun-2025 00:34:12.715 INFO [main] org.apache.catalina.startup.VersionLoggerListener.log Command line argument: --add-opens=java.base/java.util.concurrent=ALL-UNNAMED
21-Jun-2025 00:34:12.715 INFO [main] org.apache.catalina.startup.VersionLoggerListener.log Command line argument: --add-opens=java.rmi/sun.rmi.transport=ALL-UNNAMED
21-Jun-2025 00:34:12.715 INFO [main] org.apache.catalina.startup.VersionLoggerListener.log Command line argument: -Djava.util.logging.config.file=C:\Users\SANCHITA\OneDrive\Pictures\Desktop\server\Servers\apache-tomcat-9.0.98-windows-x64\apache-tomcat-9.0.98\conf\logging.properties
21-Jun-2025 00:34:12.715 INFO [main] org.apache.catalina.startup.VersionLoggerListener.log Command line argument: -Djava.util.logging.manager=org.apache.juli.ClassLoaderLogManager
21-Jun-2025 00:34:12.715 INFO [main] org.apache.catalina.startup.VersionLoggerListener.log Command line argument: -Djdk.tls.ephemeralDHKeySize=2048
21-Jun-2025 00:34:12.715 INFO [main] org.apache.catalina.startup.VersionLoggerListener.log Command line argument: -Djava.protocol.handler.pkgs=org.apache.catalina.webresources
21-Jun-2025 00:34:12.715 INFO [main] org.apache.catalina.startup.VersionLoggerListener.log Command line argument: -Dignore.endorsed.dirs=
21-Jun-2025 00:34:12.715 INFO [main] org.apache.catalina.startup.VersionLoggerListener.log Command line argument: -Dcatalina.base=C:\Users\SANCHITA\OneDrive\Pictures\Desktop\server\Servers\apache-tomcat-9.0.98-windows-x64\apache-tomcat-9.0.98
21-Jun-2025 00:34:12.715 INFO [main] org.apache.catalina.startup.VersionLoggerListener.log Command line argument: -Dcatalina.home=C:\Users\SANCHITA\OneDrive\Pictures\Desktop\server\Servers\apache-tomcat-9.0.98-windows-x64\apache-tomcat-9.0.98
21-Jun-2025 00:34:12.715 INFO [main] org.apache.catalina.startup.VersionLoggerListener.log Command line argument: -Djava.io.tmpdir=C:\Users\SANCHITA\OneDrive\Pictures\Desktop\server\Servers\apache-tomcat-9.0.98-windows-x64\apache-tomcat-9.0.98\temp
21-Jun-2025 00:34:12.715 INFO [main] org.apache.catalina.core.AprLifecycleListener.lifecycleEvent Loaded Apache Tomcat Native library [1.3.1] using APR version [1.7.4].
21-Jun-2025 00:34:12.715 INFO [main] org.apache.catalina.core.AprLifecycleListener.lifecycleEvent APR capabilities: IPv6 [true], sendfile [true], accept filters [false], random [true], UDS [true].
21-Jun-2025 00:34:12.715 INFO [main] org.apache.catalina.core.AprLifecycleListener.lifecycleEvent APR/OpenSSL configuration: useAprConnector [false], useOpenSSL [true]
21-Jun-2025 00:34:12.715 INFO [main] org.apache.catalina.core.AprLifecycleListener.initializeSSL OpenSSL successfully initialized [OpenSSL 3.0.14 4 Jun 2024]
21-Jun-2025 00:34:12.934 INFO [main] org.apache.coyote.AbstractProtocol.init Initializing ProtocolHandler ["http-nio-8080"]
21-Jun-2025 00:34:12.949 INFO [main] org.apache.catalina.startup.Catalina.load Server initialization in [398] milliseconds
21-Jun-2025 00:34:12.996 INFO [main] org.apache.catalina.core.StandardService.startInternal Starting service [Catalina]
21-Jun-2025 00:34:12.996 INFO [main] org.apache.catalina.core.StandardEngine.startInternal Starting Servlet engine: [Apache Tomcat/9.0.98]
21-Jun-2025 00:34:13.012 INFO [main] org.apache.catalina.startup.HostConfig.deployDirectory Deploying web application directory [C:\Users\SANCHITA\OneDrive\Pictures\Desktop\server\Servers\apache-tomcat-9.0.98-windows-x64\apache-tomcat-9.0.98\webapps\docs]
21-Jun-2025 00:34:13.309 WARNING [main] org.apache.catalina.util.SessionIdGeneratorBase.createSecureRandom Creation of SecureRandom instance for session ID generation using [SHA1PRNG] took [109] milliseconds.
21-Jun-2025 00:34:13.324 INFO [main] org.apache.catalina.startup.HostConfig.deployDirectory Deployment of web application directory [C:\Users\SANCHITA\OneDrive\Pictures\Desktop\server\Servers\apache-tomcat-9.0.98-windows-x64\apache-tomcat-9.0.98\webapps\docs] has finished in [312] ms
21-Jun-2025 00:34:13.324 INFO [main] org.apache.catalina.startup.HostConfig.deployDirectory Deploying web application directory [C:\Users\SANCHITA\OneDrive\Pictures\Desktop\server\Servers\apache-tomcat-9.0.98-windows-x64\apache-tomcat-9.0.98\webapps\examples]
21-Jun-2025 00:34:13.590 INFO [main] org.apache.catalina.startup.HostConfig.deployDirectory Deployment of web application directory [C:\Users\SANCHITA\OneDrive\Pictures\Desktop\server\Servers\apache-tomcat-9.0.98-windows-x64\apache-tomcat-9.0.98\webapps\examples] has finished in [266] ms
21-Jun-2025 00:34:13.590 INFO [main] org.apache.catalina.startup.HostConfig.deployDirectory Deploying web application directory [C:\Users\SANCHITA\OneDrive\Pictures\Desktop\server\Servers\apache-tomcat-9.0.98-windows-x64\apache-tomcat-9.0.98\webapps\host-manager]
21-Jun-2025 00:34:13.621 INFO [main] org.apache.catalina.startup.HostConfig.deployDirectory Deployment of web application directory [C:\Users\SANCHITA\OneDrive\Pictures\Desktop\server\Servers\apache-tomcat-9.0.98-windows-x64\apache-tomcat-9.0.98\webapps\host-manager] has finished in [31] ms
21-Jun-2025 00:34:13.621 INFO [main] org.apache.catalina.startup.HostConfig.deployDirectory Deploying web application directory [C:\Users\SANCHITA\OneDrive\Pictures\Desktop\server\Servers\apache-tomcat-9.0.98-windows-x64\apache-tomcat-9.0.98\webapps\manager]
21-Jun-2025 00:34:13.637 INFO [main] org.apache.catalina.startup.HostConfig.deployDirectory Deployment of web application directory [C:\Users\SANCHITA\OneDrive\Pictures\Desktop\server\Servers\apache-tomcat-9.0.98-windows-x64\apache-tomcat-9.0.98\webapps\manager] has finished in [16] ms
21-Jun-2025 00:34:13.637 INFO [main] org.apache.catalina.startup.HostConfig.deployDirectory Deploying web application directory [C:\Users\SANCHITA\OneDrive\Pictures\Desktop\server\Servers\apache-tomcat-9.0.98-windows-x64\apache-tomcat-9.0.98\webapps\ROOT]
21-Jun-2025 00:34:13.668 INFO [main] org.apache.catalina.startup.HostConfig.deployDirectory Deployment of web application directory [C:\Users\SANCHITA\OneDrive\Pictures\Desktop\server\Servers\apache-tomcat-9.0.98-windows-x64\apache-tomcat-9.0.98\webapps\ROOT] has finished in [31] ms
21-Jun-2025 00:34:13.668 INFO [main] org.apache.coyote.AbstractProtocol.start Starting ProtocolHandler ["http-nio-8080"]
21-Jun-2025 00:34:13.793 INFO [main] org.apache.catalina.startup.Catalina.start Server startup in [838] milliseconds
21-Jun-2025 00:34:50.371 INFO [Thread-1] org.apache.coyote.AbstractProtocol.pause Pausing ProtocolHandler ["http-nio-8080"]
21-Jun-2025 00:34:50.510 INFO [Thread-1] org.apache.catalina.core.StandardService.stopInternal Stopping service [Catalina]
21-Jun-2025 00:34:50.545 INFO [Thread-1] org.apache.coyote.AbstractProtocol.stop Stopping ProtocolHandler ["http-nio-8080"]
21-Jun-2025 00:34:50.561 INFO [Thread-1] org.apache.coyote.AbstractProtocol.destroy Destroying ProtocolHandler ["http-nio-8080"]
21-Jun-2025 00:43:21.677 INFO [main] org.apache.catalina.startup.VersionLoggerListener.log Server version name:   Apache Tomcat/9.0.98
21-Jun-2025 00:43:21.677 INFO [main] org.apache.catalina.startup.VersionLoggerListener.log Server built:          Dec 5 2024 19:50:29 UTC
21-Jun-2025 00:43:21.677 INFO [main] org.apache.catalina.startup.VersionLoggerListener.log Server version number: 9.0.98.0
21-Jun-2025 00:43:21.677 INFO [main] org.apache.catalina.startup.VersionLoggerListener.log OS Name:               Windows 11
21-Jun-2025 00:43:21.677 INFO [main] org.apache.catalina.startup.VersionLoggerListener.log OS Version:            10.0
21-Jun-2025 00:43:21.677 INFO [main] org.apache.catalina.startup.VersionLoggerListener.log Architecture:          amd64
21-Jun-2025 00:43:21.677 INFO [main] org.apache.catalina.startup.VersionLoggerListener.log Java Home:             C:\Program Files\Java\jdk-11.0.15.1
21-Jun-2025 00:43:21.677 INFO [main] org.apache.catalina.startup.VersionLoggerListener.log JVM Version:           11.0.15.1+2-LTS-10
21-Jun-2025 00:43:21.677 INFO [main] org.apache.catalina.startup.VersionLoggerListener.log JVM Vendor:            Oracle Corporation
21-Jun-2025 00:43:21.677 INFO [main] org.apache.catalina.startup.VersionLoggerListener.log CATALINA_BASE:         C:\Users\SANCHITA\OneDrive\Pictures\Desktop\server\Servers\apache-tomcat-9.0.98-windows-x64\apache-tomcat-9.0.98
21-Jun-2025 00:43:21.677 INFO [main] org.apache.catalina.startup.VersionLoggerListener.log CATALINA_HOME:         C:\Users\SANCHITA\OneDrive\Pictures\Desktop\server\Servers\apache-tomcat-9.0.98-windows-x64\apache-tomcat-9.0.98
21-Jun-2025 00:43:21.693 INFO [main] org.apache.catalina.startup.VersionLoggerListener.log Command line argument: --add-opens=java.base/java.lang=ALL-UNNAMED
21-Jun-2025 00:43:21.693 INFO [main] org.apache.catalina.startup.VersionLoggerListener.log Command line argument: --add-opens=java.base/java.io=ALL-UNNAMED
21-Jun-2025 00:43:21.693 INFO [main] org.apache.catalina.startup.VersionLoggerListener.log Command line argument: --add-opens=java.base/java.util=ALL-UNNAMED
21-Jun-2025 00:43:21.693 INFO [main] org.apache.catalina.startup.VersionLoggerListener.log Command line argument: --add-opens=java.base/java.util.concurrent=ALL-UNNAMED
21-Jun-2025 00:43:21.693 INFO [main] org.apache.catalina.startup.VersionLoggerListener.log Command line argument: --add-opens=java.rmi/sun.rmi.transport=ALL-UNNAMED
21-Jun-2025 00:43:21.693 INFO [main] org.apache.catalina.startup.VersionLoggerListener.log Command line argument: -Djava.util.logging.config.file=C:\Users\SANCHITA\OneDrive\Pictures\Desktop\server\Servers\apache-tomcat-9.0.98-windows-x64\apache-tomcat-9.0.98\conf\logging.properties
21-Jun-2025 00:43:21.693 INFO [main] org.apache.catalina.startup.VersionLoggerListener.log Command line argument: -Djava.util.logging.manager=org.apache.juli.ClassLoaderLogManager
21-Jun-2025 00:43:21.693 INFO [main] org.apache.catalina.startup.VersionLoggerListener.log Command line argument: -Djdk.tls.ephemeralDHKeySize=2048
21-Jun-2025 00:43:21.693 INFO [main] org.apache.catalina.startup.VersionLoggerListener.log Command line argument: -Djava.protocol.handler.pkgs=org.apache.catalina.webresources
21-Jun-2025 00:43:21.693 INFO [main] org.apache.catalina.startup.VersionLoggerListener.log Command line argument: -Dignore.endorsed.dirs=
21-Jun-2025 00:43:21.693 INFO [main] org.apache.catalina.startup.VersionLoggerListener.log Command line argument: -Dcatalina.base=C:\Users\SANCHITA\OneDrive\Pictures\Desktop\server\Servers\apache-tomcat-9.0.98-windows-x64\apache-tomcat-9.0.98
21-Jun-2025 00:43:21.693 INFO [main] org.apache.catalina.startup.VersionLoggerListener.log Command line argument: -Dcatalina.home=C:\Users\SANCHITA\OneDrive\Pictures\Desktop\server\Servers\apache-tomcat-9.0.98-windows-x64\apache-tomcat-9.0.98
21-Jun-2025 00:43:21.693 INFO [main] org.apache.catalina.startup.VersionLoggerListener.log Command line argument: -Djava.io.tmpdir=C:\Users\SANCHITA\OneDrive\Pictures\Desktop\server\Servers\apache-tomcat-9.0.98-windows-x64\apache-tomcat-9.0.98\temp
21-Jun-2025 00:43:21.693 INFO [main] org.apache.catalina.core.AprLifecycleListener.lifecycleEvent Loaded Apache Tomcat Native library [1.3.1] using APR version [1.7.4].
21-Jun-2025 00:43:21.693 INFO [main] org.apache.catalina.core.AprLifecycleListener.lifecycleEvent APR capabilities: IPv6 [true], sendfile [true], accept filters [false], random [true], UDS [true].
21-Jun-2025 00:43:21.693 INFO [main] org.apache.catalina.core.AprLifecycleListener.lifecycleEvent APR/OpenSSL configuration: useAprConnector [false], useOpenSSL [true]
21-Jun-2025 00:43:21.709 INFO [main] org.apache.catalina.core.AprLifecycleListener.initializeSSL OpenSSL successfully initialized [OpenSSL 3.0.14 4 Jun 2024]
21-Jun-2025 00:43:21.929 INFO [main] org.apache.coyote.AbstractProtocol.init Initializing ProtocolHandler ["http-nio-8080"]
21-Jun-2025 00:43:21.960 INFO [main] org.apache.catalina.startup.Catalina.load Server initialization in [430] milliseconds
21-Jun-2025 00:43:22.007 INFO [main] org.apache.catalina.core.StandardService.startInternal Starting service [Catalina]
21-Jun-2025 00:43:22.007 INFO [main] org.apache.catalina.core.StandardEngine.startInternal Starting Servlet engine: [Apache Tomcat/9.0.98]
21-Jun-2025 00:43:22.023 INFO [main] org.apache.catalina.startup.HostConfig.deployDirectory Deploying web application directory [C:\Users\SANCHITA\OneDrive\Pictures\Desktop\server\Servers\apache-tomcat-9.0.98-windows-x64\apache-tomcat-9.0.98\webapps\docs]
21-Jun-2025 00:43:22.335 WARNING [main] org.apache.catalina.util.SessionIdGeneratorBase.createSecureRandom Creation of SecureRandom instance for session ID generation using [SHA1PRNG] took [125] milliseconds.
21-Jun-2025 00:43:22.354 INFO [main] org.apache.catalina.startup.HostConfig.deployDirectory Deployment of web application directory [C:\Users\SANCHITA\OneDrive\Pictures\Desktop\server\Servers\apache-tomcat-9.0.98-windows-x64\apache-tomcat-9.0.98\webapps\docs] has finished in [331] ms
21-Jun-2025 00:43:22.354 INFO [main] org.apache.catalina.startup.HostConfig.deployDirectory Deploying web application directory [C:\Users\SANCHITA\OneDrive\Pictures\Desktop\server\Servers\apache-tomcat-9.0.98-windows-x64\apache-tomcat-9.0.98\webapps\examples]
21-Jun-2025 00:43:22.633 INFO [main] org.apache.catalina.startup.HostConfig.deployDirectory Deployment of web application directory [C:\Users\SANCHITA\OneDrive\Pictures\Desktop\server\Servers\apache-tomcat-9.0.98-windows-x64\apache-tomcat-9.0.98\webapps\examples] has finished in [279] ms
21-Jun-2025 00:43:22.633 INFO [main] org.apache.catalina.startup.HostConfig.deployDirectory Deploying web application directory [C:\Users\SANCHITA\OneDrive\Pictures\Desktop\server\Servers\apache-tomcat-9.0.98-windows-x64\apache-tomcat-9.0.98\webapps\host-manager]
21-Jun-2025 00:43:22.665 INFO [main] org.apache.catalina.startup.HostConfig.deployDirectory Deployment of web application directory [C:\Users\SANCHITA\OneDrive\Pictures\Desktop\server\Servers\apache-tomcat-9.0.98-windows-x64\apache-tomcat-9.0.98\webapps\host-manager] has finished in [32] ms
21-Jun-2025 00:43:22.665 INFO [main] org.apache.catalina.startup.HostConfig.deployDirectory Deploying web application directory [C:\Users\SANCHITA\OneDrive\Pictures\Desktop\server\Servers\apache-tomcat-9.0.98-windows-x64\apache-tomcat-9.0.98\webapps\manager]
21-Jun-2025 00:43:22.696 INFO [main] org.apache.catalina.startup.HostConfig.deployDirectory Deployment of web application directory [C:\Users\SANCHITA\OneDrive\Pictures\Desktop\server\Servers\apache-tomcat-9.0.98-windows-x64\apache-tomcat-9.0.98\webapps\manager] has finished in [31] ms
21-Jun-2025 00:43:22.696 INFO [main] org.apache.catalina.startup.HostConfig.deployDirectory Deploying web application directory [C:\Users\SANCHITA\OneDrive\Pictures\Desktop\server\Servers\apache-tomcat-9.0.98-windows-x64\apache-tomcat-9.0.98\webapps\ROOT]
21-Jun-2025 00:43:22.727 INFO [main] org.apache.catalina.startup.HostConfig.deployDirectory Deployment of web application directory [C:\Users\SANCHITA\OneDrive\Pictures\Desktop\server\Servers\apache-tomcat-9.0.98-windows-x64\apache-tomcat-9.0.98\webapps\ROOT] has finished in [31] ms
21-Jun-2025 00:43:22.727 INFO [main] org.apache.coyote.AbstractProtocol.start Starting ProtocolHandler ["http-nio-8080"]
21-Jun-2025 00:43:22.878 INFO [main] org.apache.catalina.startup.Catalina.start Server startup in [913] milliseconds
21-Jun-2025 00:44:10.267 INFO [main] org.apache.catalina.core.StandardServer.await A valid shutdown command was received via the shutdown port. Stopping the Server instance.
21-Jun-2025 00:44:10.267 INFO [main] org.apache.coyote.AbstractProtocol.pause Pausing ProtocolHandler ["http-nio-8080"]
21-Jun-2025 00:44:10.472 INFO [main] org.apache.catalina.core.StandardService.stopInternal Stopping service [Catalina]
21-Jun-2025 00:44:10.490 INFO [main] org.apache.coyote.AbstractProtocol.stop Stopping ProtocolHandler ["http-nio-8080"]
21-Jun-2025 00:44:10.506 INFO [main] org.apache.coyote.AbstractProtocol.destroy Destroying ProtocolHandler ["http-nio-8080"]
