20-Jun-2025 23:17:26.561 INFO [main] org.apache.catalina.startup.VersionLoggerListener.log Server version name:   Apache Tomcat/9.0.98
20-Jun-2025 23:17:26.561 INFO [main] org.apache.catalina.startup.VersionLoggerListener.log Server built:          Dec 5 2024 19:50:29 UTC
20-Jun-2025 23:17:26.561 INFO [main] org.apache.catalina.startup.VersionLoggerListener.log Server version number: 9.0.98.0
20-Jun-2025 23:17:26.561 INFO [main] org.apache.catalina.startup.VersionLoggerListener.log OS Name:               Windows 11
20-Jun-2025 23:17:26.561 INFO [main] org.apache.catalina.startup.VersionLoggerListener.log OS Version:            10.0
20-Jun-2025 23:17:26.561 INFO [main] org.apache.catalina.startup.VersionLoggerListener.log Architecture:          amd64
20-Jun-2025 23:17:26.561 INFO [main] org.apache.catalina.startup.VersionLoggerListener.log Java Home:             C:\Program Files\Java\jdk-11.0.15.1
20-Jun-2025 23:17:26.561 INFO [main] org.apache.catalina.startup.VersionLoggerListener.log JVM Version:           11.0.15.1+2-LTS-10
20-Jun-2025 23:17:26.561 INFO [main] org.apache.catalina.startup.VersionLoggerListener.log JVM Vendor:            Oracle Corporation
20-Jun-2025 23:17:26.561 INFO [main] org.apache.catalina.startup.VersionLoggerListener.log CATALINA_BASE:         C:\Users\SANCHITA\OneDrive\Pictures\Desktop\server\Servers\apache-tomcat-9.0.98-windows-x64\apache-tomcat-9.0.98
20-Jun-2025 23:17:26.561 INFO [main] org.apache.catalina.startup.VersionLoggerListener.log CATALINA_HOME:         C:\Users\SANCHITA\OneDrive\Pictures\Desktop\server\Servers\apache-tomcat-9.0.98-windows-x64\apache-tomcat-9.0.98
20-Jun-2025 23:17:26.749 INFO [main] org.apache.catalina.startup.VersionLoggerListener.log Command line argument: --add-opens=java.base/java.lang=ALL-UNNAMED
20-Jun-2025 23:17:26.749 INFO [main] org.apache.catalina.startup.VersionLoggerListener.log Command line argument: --add-opens=java.base/java.io=ALL-UNNAMED
20-Jun-2025 23:17:26.749 INFO [main] org.apache.catalina.startup.VersionLoggerListener.log Command line argument: --add-opens=java.base/java.util=ALL-UNNAMED
20-Jun-2025 23:17:26.749 INFO [main] org.apache.catalina.startup.VersionLoggerListener.log Command line argument: --add-opens=java.base/java.util.concurrent=ALL-UNNAMED
20-Jun-2025 23:17:26.749 INFO [main] org.apache.catalina.startup.VersionLoggerListener.log Command line argument: --add-opens=java.rmi/sun.rmi.transport=ALL-UNNAMED
20-Jun-2025 23:17:26.749 INFO [main] org.apache.catalina.startup.VersionLoggerListener.log Command line argument: -Djava.util.logging.config.file=C:\Users\SANCHITA\OneDrive\Pictures\Desktop\server\Servers\apache-tomcat-9.0.98-windows-x64\apache-tomcat-9.0.98\conf\logging.properties
20-Jun-2025 23:17:26.749 INFO [main] org.apache.catalina.startup.VersionLoggerListener.log Command line argument: -Djava.util.logging.manager=org.apache.juli.ClassLoaderLogManager
20-Jun-2025 23:17:26.749 INFO [main] org.apache.catalina.startup.VersionLoggerListener.log Command line argument: -Djdk.tls.ephemeralDHKeySize=2048
20-Jun-2025 23:17:26.749 INFO [main] org.apache.catalina.startup.VersionLoggerListener.log Command line argument: -Djava.protocol.handler.pkgs=org.apache.catalina.webresources
20-Jun-2025 23:17:26.749 INFO [main] org.apache.catalina.startup.VersionLoggerListener.log Command line argument: -Dignore.endorsed.dirs=
20-Jun-2025 23:17:26.749 INFO [main] org.apache.catalina.startup.VersionLoggerListener.log Command line argument: -Dcatalina.base=C:\Users\SANCHITA\OneDrive\Pictures\Desktop\server\Servers\apache-tomcat-9.0.98-windows-x64\apache-tomcat-9.0.98
20-Jun-2025 23:17:26.749 INFO [main] org.apache.catalina.startup.VersionLoggerListener.log Command line argument: -Dcatalina.home=C:\Users\SANCHITA\OneDrive\Pictures\Desktop\server\Servers\apache-tomcat-9.0.98-windows-x64\apache-tomcat-9.0.98
20-Jun-2025 23:17:26.749 INFO [main] org.apache.catalina.startup.VersionLoggerListener.log Command line argument: -Djava.io.tmpdir=C:\Users\SANCHITA\OneDrive\Pictures\Desktop\server\Servers\apache-tomcat-9.0.98-windows-x64\apache-tomcat-9.0.98\temp
20-Jun-2025 23:17:27.233 INFO [main] org.apache.catalina.core.AprLifecycleListener.lifecycleEvent Loaded Apache Tomcat Native library [1.3.1] using APR version [1.7.4].
20-Jun-2025 23:17:27.233 INFO [main] org.apache.catalina.core.AprLifecycleListener.lifecycleEvent APR capabilities: IPv6 [true], sendfile [true], accept filters [false], random [true], UDS [true].
20-Jun-2025 23:17:27.233 INFO [main] org.apache.catalina.core.AprLifecycleListener.lifecycleEvent APR/OpenSSL configuration: useAprConnector [false], useOpenSSL [true]
20-Jun-2025 23:17:27.233 INFO [main] org.apache.catalina.core.AprLifecycleListener.initializeSSL OpenSSL successfully initialized [OpenSSL 3.0.14 4 Jun 2024]
20-Jun-2025 23:17:27.467 INFO [main] org.apache.coyote.AbstractProtocol.init Initializing ProtocolHandler ["http-nio-8080"]
20-Jun-2025 23:17:27.483 INFO [main] org.apache.catalina.startup.Catalina.load Server initialization in [1096] milliseconds
20-Jun-2025 23:17:27.546 INFO [main] org.apache.catalina.core.StandardService.startInternal Starting service [Catalina]
20-Jun-2025 23:17:27.546 INFO [main] org.apache.catalina.core.StandardEngine.startInternal Starting Servlet engine: [Apache Tomcat/9.0.98]
20-Jun-2025 23:17:27.561 INFO [main] org.apache.catalina.startup.HostConfig.deployDirectory Deploying web application directory [C:\Users\SANCHITA\OneDrive\Pictures\Desktop\server\Servers\apache-tomcat-9.0.98-windows-x64\apache-tomcat-9.0.98\webapps\docs]
20-Jun-2025 23:17:28.155 WARNING [main] org.apache.catalina.util.SessionIdGeneratorBase.createSecureRandom Creation of SecureRandom instance for session ID generation using [SHA1PRNG] took [156] milliseconds.
20-Jun-2025 23:17:28.202 INFO [main] org.apache.catalina.startup.HostConfig.deployDirectory Deployment of web application directory [C:\Users\SANCHITA\OneDrive\Pictures\Desktop\server\Servers\apache-tomcat-9.0.98-windows-x64\apache-tomcat-9.0.98\webapps\docs] has finished in [625] ms
20-Jun-2025 23:17:28.202 INFO [main] org.apache.catalina.startup.HostConfig.deployDirectory Deploying web application directory [C:\Users\SANCHITA\OneDrive\Pictures\Desktop\server\Servers\apache-tomcat-9.0.98-windows-x64\apache-tomcat-9.0.98\webapps\examples]
20-Jun-2025 23:17:28.592 INFO [main] org.apache.catalina.startup.HostConfig.deployDirectory Deployment of web application directory [C:\Users\SANCHITA\OneDrive\Pictures\Desktop\server\Servers\apache-tomcat-9.0.98-windows-x64\apache-tomcat-9.0.98\webapps\examples] has finished in [390] ms
20-Jun-2025 23:17:28.592 INFO [main] org.apache.catalina.startup.HostConfig.deployDirectory Deploying web application directory [C:\Users\SANCHITA\OneDrive\Pictures\Desktop\server\Servers\apache-tomcat-9.0.98-windows-x64\apache-tomcat-9.0.98\webapps\host-manager]
20-Jun-2025 23:17:28.624 INFO [main] org.apache.catalina.startup.HostConfig.deployDirectory Deployment of web application directory [C:\Users\SANCHITA\OneDrive\Pictures\Desktop\server\Servers\apache-tomcat-9.0.98-windows-x64\apache-tomcat-9.0.98\webapps\host-manager] has finished in [32] ms
20-Jun-2025 23:17:28.624 INFO [main] org.apache.catalina.startup.HostConfig.deployDirectory Deploying web application directory [C:\Users\SANCHITA\OneDrive\Pictures\Desktop\server\Servers\apache-tomcat-9.0.98-windows-x64\apache-tomcat-9.0.98\webapps\manager]
20-Jun-2025 23:17:28.655 INFO [main] org.apache.catalina.startup.HostConfig.deployDirectory Deployment of web application directory [C:\Users\SANCHITA\OneDrive\Pictures\Desktop\server\Servers\apache-tomcat-9.0.98-windows-x64\apache-tomcat-9.0.98\webapps\manager] has finished in [31] ms
20-Jun-2025 23:17:28.655 INFO [main] org.apache.catalina.startup.HostConfig.deployDirectory Deploying web application directory [C:\Users\SANCHITA\OneDrive\Pictures\Desktop\server\Servers\apache-tomcat-9.0.98-windows-x64\apache-tomcat-9.0.98\webapps\ROOT]
20-Jun-2025 23:17:28.686 INFO [main] org.apache.catalina.startup.HostConfig.deployDirectory Deployment of web application directory [C:\Users\SANCHITA\OneDrive\Pictures\Desktop\server\Servers\apache-tomcat-9.0.98-windows-x64\apache-tomcat-9.0.98\webapps\ROOT] has finished in [31] ms
20-Jun-2025 23:17:28.686 INFO [main] org.apache.coyote.AbstractProtocol.start Starting ProtocolHandler ["http-nio-8080"]
20-Jun-2025 23:17:28.828 INFO [main] org.apache.catalina.startup.Catalina.start Server startup in [1336] milliseconds
20-Jun-2025 23:18:14.297 INFO [Thread-1] org.apache.coyote.AbstractProtocol.pause Pausing ProtocolHandler ["http-nio-8080"]
20-Jun-2025 23:18:14.454 INFO [Thread-1] org.apache.catalina.core.StandardService.stopInternal Stopping service [Catalina]
20-Jun-2025 23:18:14.498 INFO [Thread-1] org.apache.coyote.AbstractProtocol.stop Stopping ProtocolHandler ["http-nio-8080"]
20-Jun-2025 23:18:14.514 INFO [Thread-1] org.apache.coyote.AbstractProtocol.destroy Destroying ProtocolHandler ["http-nio-8080"]
